#
# There is insufficient memory for the Java Runtime Environment to continue.
# Native memory allocation (malloc) failed to allocate 114432 bytes for Chunk::new
# Possible reasons:
#   The system is out of physical RAM or swap space
#   The process is running with CompressedOops enabled, and the Java Heap may be blocking the growth of the native heap
# Possible solutions:
#   Reduce memory load on the system
#   Increase physical memory or swap space
#   Check if swap backing store is full
#   Decrease Java heap size (-Xmx/-Xms)
#   Decrease number of Java threads
#   Decrease Java thread stack sizes (-Xss)
#   Set larger code cache with -XX:ReservedCodeCacheSize=
#   JVM is running with Unscaled Compressed Oops mode in which the Java heap is
#     placed in the first 4GB address space. The Java Heap base address is the
#     maximum limit for the native heap growth. Please use -XX:HeapBaseMinAddress
#     to set the Java Heap base and to place the Java Heap above 4GB virtual address.
# This output file may be truncated or incomplete.
#
#  Out of Memory Error (./open/src/hotspot/share/memory/arena.cpp:195), pid=1240, tid=15388
#
# JRE version: Java(TM) SE Runtime Environment (15.0.2+7) (build 15.0.2+7-27)
# Java VM: Java HotSpot(TM) 64-Bit Server VM (15.0.2+7-27, mixed mode, sharing, tiered, compressed oops, g1 gc, windows-amd64)
# No core dump will be written. Minidumps are not enabled by default on client versions of Windows
#

---------------  S U M M A R Y ------------

Command Line: -javaagent:C:\Program Files\JetBrains\IntelliJ IDEA Community Edition 2020.1\lib\idea_rt.jar=6865:C:\Program Files\JetBrains\IntelliJ IDEA Community Edition 2020.1\bin -Dfile.encoding=UTF-8 -Xmx512M AutomationTest

Host: Intel(R) Core(TM) i7-6700HQ CPU @ 2.60GHz, 8 cores, 15G,  Windows 10 , 64 bit Build 19041 (10.0.19041.1202)
Time: Wed Oct 27 15:50:51 2021 Nepal Standard Time elapsed time: 3.214849 seconds (0d 0h 0m 3s)

---------------  T H R E A D  ---------------

Current thread (0x00000234f6255c70):  JavaThread "C2 CompilerThread0" daemon [_thread_in_native, id=15388, stack(0x0000005649c00000,0x0000005649d00000)]


Current CompileTask:
C2:   3214 1618       4       java.util.jar.Manifest$FastInputStream::readLine (296 bytes)

Stack: [0x0000005649c00000,0x0000005649d00000]
Native frames: (J=compiled Java code, j=interpreted, Vv=VM code, C=native code)
V  [jvm.dll+0x62ae9a]
V  [jvm.dll+0x7817a9]
V  [jvm.dll+0x782f03]
V  [jvm.dll+0x783563]
V  [jvm.dll+0x216325]
V  [jvm.dll+0x97f3a]
V  [jvm.dll+0x9861c]
V  [jvm.dll+0x32e305]
V  [jvm.dll+0x2f768a]
V  [jvm.dll+0x2f6a4a]
V  [jvm.dll+0x1ea705]
V  [jvm.dll+0x1e996e]
V  [jvm.dll+0x178567]
V  [jvm.dll+0x1f9225]
V  [jvm.dll+0x1f72cc]
V  [jvm.dll+0x74495d]
V  [jvm.dll+0x73d75a]
V  [jvm.dll+0x629c56]
C  [ucrtbase.dll+0x21bb2]
C  [KERNEL32.DLL+0x17034]
C  [ntdll.dll+0x52651]


---------------  P R O C E S S  ---------------

Threads class SMR info:
_java_thread_list=0x00000234f8040640, length=22, elements={
0x00000234e9f8e060, 0x00000234f62351b0, 0x00000234f6237ca0, 0x00000234f6250d30,
0x00000234f6254610, 0x00000234f6254ed0, 0x00000234f6255c70, 0x00000234f6256720,
0x00000234f6259030, 0x00000234f6218fb0, 0x00000234f6ea4df0, 0x00000234f6ea52c0,
0x00000234f70f6ed0, 0x00000234f7b67220, 0x00000234f7c9c440, 0x00000234f7b90440,
0x00000234f7f28a90, 0x00000234f81a4ad0, 0x00000234f81aa990, 0x00000234f7cd2950,
0x00000234f8195830, 0x00000234f81961d0
}

Java Threads: ( => current thread )
  0x00000234e9f8e060 JavaThread "Forwarding newSession on session null to remote" [_thread_in_native, id=19340, stack(0x0000005649000000,0x0000005649100000)]
  0x00000234f62351b0 JavaThread "Reference Handler" daemon [_thread_blocked, id=14976, stack(0x0000005649700000,0x0000005649800000)]
  0x00000234f6237ca0 JavaThread "Finalizer" daemon [_thread_blocked, id=5140, stack(0x0000005649800000,0x0000005649900000)]
  0x00000234f6250d30 JavaThread "Signal Dispatcher" daemon [_thread_blocked, id=11268, stack(0x0000005649900000,0x0000005649a00000)]
  0x00000234f6254610 JavaThread "Attach Listener" daemon [_thread_blocked, id=17472, stack(0x0000005649a00000,0x0000005649b00000)]
  0x00000234f6254ed0 JavaThread "Service Thread" daemon [_thread_blocked, id=12036, stack(0x0000005649b00000,0x0000005649c00000)]
=>0x00000234f6255c70 JavaThread "C2 CompilerThread0" daemon [_thread_in_native, id=15388, stack(0x0000005649c00000,0x0000005649d00000)]
  0x00000234f6256720 JavaThread "C1 CompilerThread0" daemon [_thread_blocked, id=10668, stack(0x0000005649d00000,0x0000005649e00000)]
  0x00000234f6259030 JavaThread "Sweeper thread" daemon [_thread_blocked, id=13492, stack(0x0000005649e00000,0x0000005649f00000)]
  0x00000234f6218fb0 JavaThread "Common-Cleaner" daemon [_thread_blocked, id=18344, stack(0x0000005649f00000,0x000000564a000000)]
  0x00000234f6ea4df0 JavaThread "Monitor Ctrl-Break" daemon [_thread_in_native, id=17252, stack(0x000000564a000000,0x000000564a100000)]
  0x00000234f6ea52c0 JavaThread "Notification Thread" daemon [_thread_blocked, id=17172, stack(0x000000564a100000,0x000000564a200000)]
  0x00000234f70f6ed0 JavaThread "ForkJoinPool.commonPool-worker-3" daemon [_thread_blocked, id=15624, stack(0x000000564a300000,0x000000564a400000)]
  0x00000234f7b67220 JavaThread "AsyncHttpClient-1-1" daemon [_thread_blocked, id=16876, stack(0x000000564a500000,0x000000564a600000)]
  0x00000234f7c9c440 JavaThread "Exec Default Executor" daemon [_thread_in_native, id=3860, stack(0x000000564a400000,0x000000564a500000)]
  0x00000234f7b90440 JavaThread "Driver Service Executor" daemon [_thread_blocked, id=15084, stack(0x000000564a600000,0x000000564a700000)]
  0x00000234f7f28a90 JavaThread "Driver Service Executor" daemon [_thread_blocked, id=3644, stack(0x000000564ad00000,0x000000564ae00000)]
  0x00000234f81a4ad0 JavaThread "UrlChecker-2" daemon [_thread_blocked, id=15096, stack(0x000000564ae00000,0x000000564af00000)]
  0x00000234f81aa990 JavaThread "Exec Stream Pumper" daemon [_thread_in_native, id=7264, stack(0x000000564b000000,0x000000564b100000)]
  0x00000234f7cd2950 JavaThread "Exec Stream Pumper" daemon [_thread_in_native, id=7732, stack(0x000000564b100000,0x000000564b200000)]
  0x00000234f8195830 JavaThread "Keep-Alive-Timer" daemon [_thread_blocked, id=16024, stack(0x000000564b200000,0x000000564b300000)]
  0x00000234f81961d0 JavaThread "AsyncHttpClient-1-2" daemon [_thread_in_native, id=19284, stack(0x000000564b300000,0x000000564b400000)]

Other Threads:
  0x00000234f622fa10 VMThread "VM Thread" [stack: 0x0000005649600000,0x0000005649700000] [id=5420]
  0x00000234f6ef2370 WatcherThread [stack: 0x000000564a200000,0x000000564a300000] [id=1260]
  0x00000234e9fb5b20 GCTaskThread "GC Thread#0" [stack: 0x0000005649100000,0x0000005649200000] [id=12244]
  0x00000234f7111470 GCTaskThread "GC Thread#1" [stack: 0x000000564a700000,0x000000564a800000] [id=10456]
  0x00000234f7114110 GCTaskThread "GC Thread#2" [stack: 0x000000564a800000,0x000000564a900000] [id=10196]
  0x00000234f7111ad0 GCTaskThread "GC Thread#3" [stack: 0x000000564a900000,0x000000564aa00000] [id=13920]
  0x00000234f7113ab0 GCTaskThread "GC Thread#4" [stack: 0x000000564aa00000,0x000000564ab00000] [id=16656]
  0x00000234f7114440 GCTaskThread "GC Thread#5" [stack: 0x000000564ab00000,0x000000564ac00000] [id=2508]
  0x00000234e9fbbb90 ConcurrentGCThread "G1 Main Marker" [stack: 0x0000005649200000,0x0000005649300000] [id=12420]
  0x00000234e9fbce30 ConcurrentGCThread "G1 Conc#0" [stack: 0x0000005649300000,0x0000005649400000] [id=6244]
  0x00000234ea05dd60 ConcurrentGCThread "G1 Refine#0" [stack: 0x0000005649400000,0x0000005649500000] [id=7324]
  0x00000234f72845e0 ConcurrentGCThread "G1 Refine#1" [stack: 0x000000564ac00000,0x000000564ad00000] [id=3728]
  0x00000234ea05e870 ConcurrentGCThread "G1 Young RemSet Sampling" [stack: 0x0000005649500000,0x0000005649600000] [id=11916]

Threads with active compile tasks:
C2 CompilerThread0     3275 1618       4       java.util.jar.Manifest$FastInputStream::readLine (296 bytes)

VM state: at safepoint (normal execution)

VM Mutex/Monitor currently owned by a thread:  ([mutex/lock_event])
[0x00000234e9f890f0] Threads_lock - owner thread: 0x00000234f622fa10
[0x00000234e9f89060] Heap_lock - owner thread: 0x00000234e9f8e060

Heap address: 0x00000000e0000000, size: 512 MB, Compressed Oops mode: 32-bit
CDS archive(s) mapped at: [0x0000000800000000-0x0000000800b50000-0x0000000800b50000), size 11862016, SharedBaseAddress: 0x0000000800000000, ArchiveRelocationMode: 0.
Compressed class space mapped at: 0x0000000800b50000-0x0000000840b50000, size: 1073741824
Narrow klass base: 0x0000000800000000, Narrow klass shift: 3, Narrow klass range: 0x100000000

GC Precious Log:
 CPUs: 8 total, 8 available
 Memory: 16211M
 Large Page Support: Disabled
 NUMA Support: Disabled
 Compressed Oops: Enabled (32-bit)
 Heap Region Size: 1M
 Heap Min Capacity: 8M
 Heap Initial Capacity: 254M
 Heap Max Capacity: 512M
 Pre-touch: Disabled
 Parallel Workers: 8
 Concurrent Workers: 2
 Concurrent Refinement Workers: 8
 Periodic GC: Disabled

Heap:
 garbage-first heap   total 260096K, used 25571K [0x00000000e0000000, 0x0000000100000000)
  region size 1024K, 3 young (3072K), 3 survivors (3072K)
 Metaspace       used 16456K, capacity 16655K, committed 16768K, reserved 1075200K
  class space    used 1998K, capacity 2068K, committed 2176K, reserved 1048576K

Heap Regions: E=young(eden), S=young(survivor), O=old, HS=humongous(starts), HC=humongous(continues), CS=collection set, F=free, OA=open archive, CA=closed archive, TAMS=top-at-mark-start (previous, next)
|   0|0x00000000e0000000, 0x00000000e0100000, 0x00000000e0100000|100%| O|  |TAMS 0x00000000e0000000, 0x00000000e0100000| Untracked 
|   1|0x00000000e0100000, 0x00000000e0200000, 0x00000000e0200000|100%| O|  |TAMS 0x00000000e0100000, 0x00000000e0200000| Untracked 
|   2|0x00000000e0200000, 0x00000000e0300000, 0x00000000e0300000|100%| O|  |TAMS 0x00000000e0200000, 0x00000000e0300000| Untracked 
|   3|0x00000000e0300000, 0x00000000e0400000, 0x00000000e0400000|100%|HS|  |TAMS 0x00000000e0300000, 0x00000000e0400000| Complete 
|   4|0x00000000e0400000, 0x00000000e0500000, 0x00000000e0500000|100%|HC|  |TAMS 0x00000000e0400000, 0x00000000e0500000| Complete 
|   5|0x00000000e0500000, 0x00000000e0600000, 0x00000000e0600000|100%|HC|  |TAMS 0x00000000e0500000, 0x00000000e0600000| Complete 
|   6|0x00000000e0600000, 0x00000000e0700000, 0x00000000e0700000|100%|HC|  |TAMS 0x00000000e0600000, 0x00000000e0700000| Complete 
|   7|0x00000000e0700000, 0x00000000e0800000, 0x00000000e0800000|100%|HC|  |TAMS 0x00000000e0700000, 0x00000000e0800000| Complete 
|   8|0x00000000e0800000, 0x00000000e0900000, 0x00000000e0900000|100%|HC|  |TAMS 0x00000000e0800000, 0x00000000e0900000| Complete 
|   9|0x00000000e0900000, 0x00000000e0a00000, 0x00000000e0a00000|100%|HC|  |TAMS 0x00000000e0900000, 0x00000000e0a00000| Complete 
|  10|0x00000000e0a00000, 0x00000000e0b00000, 0x00000000e0b00000|100%|HC|  |TAMS 0x00000000e0a00000, 0x00000000e0b00000| Complete 
|  11|0x00000000e0b00000, 0x00000000e0c00000, 0x00000000e0c00000|100%|HC|  |TAMS 0x00000000e0b00000, 0x00000000e0c00000| Complete 
|  12|0x00000000e0c00000, 0x00000000e0d00000, 0x00000000e0d00000|100%|HC|  |TAMS 0x00000000e0c00000, 0x00000000e0d00000| Complete 
|  13|0x00000000e0d00000, 0x00000000e0e00000, 0x00000000e0e00000|100%|HC|  |TAMS 0x00000000e0d00000, 0x00000000e0e00000| Complete 
|  14|0x00000000e0e00000, 0x00000000e0f00000, 0x00000000e0f00000|100%|HC|  |TAMS 0x00000000e0e00000, 0x00000000e0f00000| Complete 
|  15|0x00000000e0f00000, 0x00000000e1000000, 0x00000000e1000000|100%|HC|  |TAMS 0x00000000e0f00000, 0x00000000e1000000| Complete 
|  16|0x00000000e1000000, 0x00000000e1100000, 0x00000000e1100000|100%|HC|  |TAMS 0x00000000e1000000, 0x00000000e1100000| Complete 
|  17|0x00000000e1100000, 0x00000000e1200000, 0x00000000e1200000|100%|HC|  |TAMS 0x00000000e1100000, 0x00000000e1200000| Complete 
|  18|0x00000000e1200000, 0x00000000e1300000, 0x00000000e1300000|100%|HC|  |TAMS 0x00000000e1200000, 0x00000000e1300000| Complete 
|  19|0x00000000e1300000, 0x00000000e1400000, 0x00000000e1400000|100%|HC|  |TAMS 0x00000000e1300000, 0x00000000e1400000| Complete 
|  20|0x00000000e1400000, 0x00000000e1500000, 0x00000000e1500000|100%| O|  |TAMS 0x00000000e1400000, 0x00000000e1500000| Untracked 
|  21|0x00000000e1500000, 0x00000000e1600000, 0x00000000e1600000|100%| O|  |TAMS 0x00000000e1500000, 0x00000000e1600000| Untracked 
|  22|0x00000000e1600000, 0x00000000e1679c00, 0x00000000e1700000| 47%| O|  |TAMS 0x00000000e1600000, 0x00000000e1679c00| Untracked 
|  23|0x00000000e1700000, 0x00000000e1700000, 0x00000000e1800000|  0%| F|  |TAMS 0x00000000e1700000, 0x00000000e1700000| Untracked 
|  24|0x00000000e1800000, 0x00000000e1800000, 0x00000000e1900000|  0%| F|  |TAMS 0x00000000e1800000, 0x00000000e1800000| Untracked 
|  25|0x00000000e1900000, 0x00000000e1900000, 0x00000000e1a00000|  0%| F|  |TAMS 0x00000000e1900000, 0x00000000e1900000| Untracked 
|  26|0x00000000e1a00000, 0x00000000e1a00000, 0x00000000e1b00000|  0%| F|  |TAMS 0x00000000e1a00000, 0x00000000e1a00000| Untracked 
|  27|0x00000000e1b00000, 0x00000000e1b00000, 0x00000000e1c00000|  0%| F|  |TAMS 0x00000000e1b00000, 0x00000000e1b00000| Untracked 
|  28|0x00000000e1c00000, 0x00000000e1c00000, 0x00000000e1d00000|  0%| F|  |TAMS 0x00000000e1c00000, 0x00000000e1c00000| Untracked 
|  29|0x00000000e1d00000, 0x00000000e1d00000, 0x00000000e1e00000|  0%| F|  |TAMS 0x00000000e1d00000, 0x00000000e1d00000| Untracked 
|  30|0x00000000e1e00000, 0x00000000e1e00000, 0x00000000e1f00000|  0%| F|  |TAMS 0x00000000e1e00000, 0x00000000e1e00000| Untracked 
|  31|0x00000000e1f00000, 0x00000000e1f00000, 0x00000000e2000000|  0%| F|  |TAMS 0x00000000e1f00000, 0x00000000e1f00000| Untracked 
|  32|0x00000000e2000000, 0x00000000e2000000, 0x00000000e2100000|  0%| F|  |TAMS 0x00000000e2000000, 0x00000000e2000000| Untracked 
|  33|0x00000000e2100000, 0x00000000e2100000, 0x00000000e2200000|  0%| F|  |TAMS 0x00000000e2100000, 0x00000000e2100000| Untracked 
|  34|0x00000000e2200000, 0x00000000e2200000, 0x00000000e2300000|  0%| F|  |TAMS 0x00000000e2200000, 0x00000000e2200000| Untracked 
|  35|0x00000000e2300000, 0x00000000e2300000, 0x00000000e2400000|  0%| F|  |TAMS 0x00000000e2300000, 0x00000000e2300000| Untracked 
|  36|0x00000000e2400000, 0x00000000e2400000, 0x00000000e2500000|  0%| F|  |TAMS 0x00000000e2400000, 0x00000000e2400000| Untracked 
|  37|0x00000000e2500000, 0x00000000e2500000, 0x00000000e2600000|  0%| F|  |TAMS 0x00000000e2500000, 0x00000000e2500000| Untracked 
|  38|0x00000000e2600000, 0x00000000e2600000, 0x00000000e2700000|  0%| F|  |TAMS 0x00000000e2600000, 0x00000000e2600000| Untracked 
|  39|0x00000000e2700000, 0x00000000e2700000, 0x00000000e2800000|  0%| F|  |TAMS 0x00000000e2700000, 0x00000000e2700000| Untracked 
|  40|0x00000000e2800000, 0x00000000e2800000, 0x00000000e2900000|  0%| F|  |TAMS 0x00000000e2800000, 0x00000000e2800000| Untracked 
|  41|0x00000000e2900000, 0x00000000e2900000, 0x00000000e2a00000|  0%| F|  |TAMS 0x00000000e2900000, 0x00000000e2900000| Untracked 
|  42|0x00000000e2a00000, 0x00000000e2a00000, 0x00000000e2b00000|  0%| F|  |TAMS 0x00000000e2a00000, 0x00000000e2a00000| Untracked 
|  43|0x00000000e2b00000, 0x00000000e2b00000, 0x00000000e2c00000|  0%| F|  |TAMS 0x00000000e2b00000, 0x00000000e2b00000| Untracked 
|  44|0x00000000e2c00000, 0x00000000e2c00000, 0x00000000e2d00000|  0%| F|  |TAMS 0x00000000e2c00000, 0x00000000e2c00000| Untracked 
|  45|0x00000000e2d00000, 0x00000000e2d00000, 0x00000000e2e00000|  0%| F|  |TAMS 0x00000000e2d00000, 0x00000000e2d00000| Untracked 
|  46|0x00000000e2e00000, 0x00000000e2e00000, 0x00000000e2f00000|  0%| F|  |TAMS 0x00000000e2e00000, 0x00000000e2e00000| Untracked 
|  47|0x00000000e2f00000, 0x00000000e2f00000, 0x00000000e3000000|  0%| F|  |TAMS 0x00000000e2f00000, 0x00000000e2f00000| Untracked 
|  48|0x00000000e3000000, 0x00000000e3000000, 0x00000000e3100000|  0%| F|  |TAMS 0x00000000e3000000, 0x00000000e3000000| Untracked 
|  49|0x00000000e3100000, 0x00000000e3100000, 0x00000000e3200000|  0%| F|  |TAMS 0x00000000e3100000, 0x00000000e3100000| Untracked 
|  50|0x00000000e3200000, 0x00000000e3200000, 0x00000000e3300000|  0%| F|  |TAMS 0x00000000e3200000, 0x00000000e3200000| Untracked 
|  51|0x00000000e3300000, 0x00000000e3300000, 0x00000000e3400000|  0%| F|  |TAMS 0x00000000e3300000, 0x00000000e3300000| Untracked 
|  52|0x00000000e3400000, 0x00000000e3400000, 0x00000000e3500000|  0%| F|  |TAMS 0x00000000e3400000, 0x00000000e3400000| Untracked 
|  53|0x00000000e3500000, 0x00000000e3500000, 0x00000000e3600000|  0%| F|  |TAMS 0x00000000e3500000, 0x00000000e3500000| Untracked 
|  54|0x00000000e3600000, 0x00000000e3600000, 0x00000000e3700000|  0%| F|  |TAMS 0x00000000e3600000, 0x00000000e3600000| Untracked 
|  55|0x00000000e3700000, 0x00000000e3700000, 0x00000000e3800000|  0%| F|  |TAMS 0x00000000e3700000, 0x00000000e3700000| Untracked 
|  56|0x00000000e3800000, 0x00000000e3800000, 0x00000000e3900000|  0%| F|  |TAMS 0x00000000e3800000, 0x00000000e3800000| Untracked 
|  57|0x00000000e3900000, 0x00000000e3900000, 0x00000000e3a00000|  0%| F|  |TAMS 0x00000000e3900000, 0x00000000e3900000| Untracked 
|  58|0x00000000e3a00000, 0x00000000e3a00000, 0x00000000e3b00000|  0%| F|  |TAMS 0x00000000e3a00000, 0x00000000e3a00000| Untracked 
|  59|0x00000000e3b00000, 0x00000000e3b00000, 0x00000000e3c00000|  0%| F|  |TAMS 0x00000000e3b00000, 0x00000000e3b00000| Untracked 
|  60|0x00000000e3c00000, 0x00000000e3c00000, 0x00000000e3d00000|  0%| F|  |TAMS 0x00000000e3c00000, 0x00000000e3c00000| Untracked 
|  61|0x00000000e3d00000, 0x00000000e3d00000, 0x00000000e3e00000|  0%| F|  |TAMS 0x00000000e3d00000, 0x00000000e3d00000| Untracked 
|  62|0x00000000e3e00000, 0x00000000e3e00000, 0x00000000e3f00000|  0%| F|  |TAMS 0x00000000e3e00000, 0x00000000e3e00000| Untracked 
|  63|0x00000000e3f00000, 0x00000000e3f00000, 0x00000000e4000000|  0%| F|  |TAMS 0x00000000e3f00000, 0x00000000e3f00000| Untracked 
|  64|0x00000000e4000000, 0x00000000e4000000, 0x00000000e4100000|  0%| F|  |TAMS 0x00000000e4000000, 0x00000000e4000000| Untracked 
|  65|0x00000000e4100000, 0x00000000e4100000, 0x00000000e4200000|  0%| F|  |TAMS 0x00000000e4100000, 0x00000000e4100000| Untracked 
|  66|0x00000000e4200000, 0x00000000e4200000, 0x00000000e4300000|  0%| F|  |TAMS 0x00000000e4200000, 0x00000000e4200000| Untracked 
|  67|0x00000000e4300000, 0x00000000e4300000, 0x00000000e4400000|  0%| F|  |TAMS 0x00000000e4300000, 0x00000000e4300000| Untracked 
|  68|0x00000000e4400000, 0x00000000e4400000, 0x00000000e4500000|  0%| F|  |TAMS 0x00000000e4400000, 0x00000000e4400000| Untracked 
|  69|0x00000000e4500000, 0x00000000e4500000, 0x00000000e4600000|  0%| F|  |TAMS 0x00000000e4500000, 0x00000000e4500000| Untracked 
|  70|0x00000000e4600000, 0x00000000e4600000, 0x00000000e4700000|  0%| F|  |TAMS 0x00000000e4600000, 0x00000000e4600000| Untracked 
|  71|0x00000000e4700000, 0x00000000e4700000, 0x00000000e4800000|  0%| F|  |TAMS 0x00000000e4700000, 0x00000000e4700000| Untracked 
|  72|0x00000000e4800000, 0x00000000e4800000, 0x00000000e4900000|  0%| F|  |TAMS 0x00000000e4800000, 0x00000000e4800000| Untracked 
|  73|0x00000000e4900000, 0x00000000e4900000, 0x00000000e4a00000|  0%| F|  |TAMS 0x00000000e4900000, 0x00000000e4900000| Untracked 
|  74|0x00000000e4a00000, 0x00000000e4a00000, 0x00000000e4b00000|  0%| F|  |TAMS 0x00000000e4a00000, 0x00000000e4a00000| Untracked 
|  75|0x00000000e4b00000, 0x00000000e4b00000, 0x00000000e4c00000|  0%| F|  |TAMS 0x00000000e4b00000, 0x00000000e4b00000| Untracked 
|  76|0x00000000e4c00000, 0x00000000e4c00000, 0x00000000e4d00000|  0%| F|  |TAMS 0x00000000e4c00000, 0x00000000e4c00000| Untracked 
|  77|0x00000000e4d00000, 0x00000000e4d00000, 0x00000000e4e00000|  0%| F|  |TAMS 0x00000000e4d00000, 0x00000000e4d00000| Untracked 
|  78|0x00000000e4e00000, 0x00000000e4e00000, 0x00000000e4f00000|  0%| F|  |TAMS 0x00000000e4e00000, 0x00000000e4e00000| Untracked 
|  79|0x00000000e4f00000, 0x00000000e4f00000, 0x00000000e5000000|  0%| F|  |TAMS 0x00000000e4f00000, 0x00000000e4f00000| Untracked 
|  80|0x00000000e5000000, 0x00000000e5000000, 0x00000000e5100000|  0%| F|  |TAMS 0x00000000e5000000, 0x00000000e5000000| Untracked 
|  81|0x00000000e5100000, 0x00000000e5100000, 0x00000000e5200000|  0%| F|  |TAMS 0x00000000e5100000, 0x00000000e5100000| Untracked 
|  82|0x00000000e5200000, 0x00000000e5200000, 0x00000000e5300000|  0%| F|  |TAMS 0x00000000e5200000, 0x00000000e5200000| Untracked 
|  83|0x00000000e5300000, 0x00000000e5300000, 0x00000000e5400000|  0%| F|  |TAMS 0x00000000e5300000, 0x00000000e5300000| Untracked 
|  84|0x00000000e5400000, 0x00000000e5400000, 0x00000000e5500000|  0%| F|  |TAMS 0x00000000e5400000, 0x00000000e5400000| Untracked 
|  85|0x00000000e5500000, 0x00000000e5500000, 0x00000000e5600000|  0%| F|  |TAMS 0x00000000e5500000, 0x00000000e5500000| Untracked 
|  86|0x00000000e5600000, 0x00000000e5600000, 0x00000000e5700000|  0%| F|  |TAMS 0x00000000e5600000, 0x00000000e5600000| Untracked 
|  87|0x00000000e5700000, 0x00000000e5700000, 0x00000000e5800000|  0%| F|  |TAMS 0x00000000e5700000, 0x00000000e5700000| Untracked 
|  88|0x00000000e5800000, 0x00000000e5800000, 0x00000000e5900000|  0%| F|  |TAMS 0x00000000e5800000, 0x00000000e5800000| Untracked 
|  89|0x00000000e5900000, 0x00000000e5900000, 0x00000000e5a00000|  0%| F|  |TAMS 0x00000000e5900000, 0x00000000e5900000| Untracked 
|  90|0x00000000e5a00000, 0x00000000e5a00000, 0x00000000e5b00000|  0%| F|  |TAMS 0x00000000e5a00000, 0x00000000e5a00000| Untracked 
|  91|0x00000000e5b00000, 0x00000000e5b00000, 0x00000000e5c00000|  0%| F|  |TAMS 0x00000000e5b00000, 0x00000000e5b00000| Untracked 
|  92|0x00000000e5c00000, 0x00000000e5c00000, 0x00000000e5d00000|  0%| F|  |TAMS 0x00000000e5c00000, 0x00000000e5c00000| Untracked 
|  93|0x00000000e5d00000, 0x00000000e5d00000, 0x00000000e5e00000|  0%| F|  |TAMS 0x00000000e5d00000, 0x00000000e5d00000| Untracked 
|  94|0x00000000e5e00000, 0x00000000e5e00000, 0x00000000e5f00000|  0%| F|  |TAMS 0x00000000e5e00000, 0x00000000e5e00000| Untracked 
|  95|0x00000000e5f00000, 0x00000000e5f00000, 0x00000000e6000000|  0%| F|  |TAMS 0x00000000e5f00000, 0x00000000e5f00000| Untracked 
|  96|0x00000000e6000000, 0x00000000e6000000, 0x00000000e6100000|  0%| F|  |TAMS 0x00000000e6000000, 0x00000000e6000000| Untracked 
|  97|0x00000000e6100000, 0x00000000e6100000, 0x00000000e6200000|  0%| F|  |TAMS 0x00000000e6100000, 0x00000000e6100000| Untracked 
|  98|0x00000000e6200000, 0x00000000e6200000, 0x00000000e6300000|  0%| F|  |TAMS 0x00000000e6200000, 0x00000000e6200000| Untracked 
|  99|0x00000000e6300000, 0x00000000e6300000, 0x00000000e6400000|  0%| F|  |TAMS 0x00000000e6300000, 0x00000000e6300000| Untracked 
| 100|0x00000000e6400000, 0x00000000e6400000, 0x00000000e6500000|  0%| F|  |TAMS 0x00000000e6400000, 0x00000000e6400000| Untracked 
| 101|0x00000000e6500000, 0x00000000e6500000, 0x00000000e6600000|  0%| F|  |TAMS 0x00000000e6500000, 0x00000000e6500000| Untracked 
| 102|0x00000000e6600000, 0x00000000e6600000, 0x00000000e6700000|  0%| F|  |TAMS 0x00000000e6600000, 0x00000000e6600000| Untracked 
| 103|0x00000000e6700000, 0x00000000e6700000, 0x00000000e6800000|  0%| F|  |TAMS 0x00000000e6700000, 0x00000000e6700000| Untracked 
| 104|0x00000000e6800000, 0x00000000e6800000, 0x00000000e6900000|  0%| F|  |TAMS 0x00000000e6800000, 0x00000000e6800000| Untracked 
| 105|0x00000000e6900000, 0x00000000e6900000, 0x00000000e6a00000|  0%| F|  |TAMS 0x00000000e6900000, 0x00000000e6900000| Untracked 
| 106|0x00000000e6a00000, 0x00000000e6a00000, 0x00000000e6b00000|  0%| F|  |TAMS 0x00000000e6a00000, 0x00000000e6a00000| Untracked 
| 107|0x00000000e6b00000, 0x00000000e6b00000, 0x00000000e6c00000|  0%| F|  |TAMS 0x00000000e6b00000, 0x00000000e6b00000| Untracked 
| 108|0x00000000e6c00000, 0x00000000e6c00000, 0x00000000e6d00000|  0%| F|  |TAMS 0x00000000e6c00000, 0x00000000e6c00000| Untracked 
| 109|0x00000000e6d00000, 0x00000000e6d00000, 0x00000000e6e00000|  0%| F|  |TAMS 0x00000000e6d00000, 0x00000000e6d00000| Untracked 
| 110|0x00000000e6e00000, 0x00000000e6e00000, 0x00000000e6f00000|  0%| F|  |TAMS 0x00000000e6e00000, 0x00000000e6e00000| Untracked 
| 111|0x00000000e6f00000, 0x00000000e6f00000, 0x00000000e7000000|  0%| F|  |TAMS 0x00000000e6f00000, 0x00000000e6f00000| Untracked 
| 112|0x00000000e7000000, 0x00000000e7000000, 0x00000000e7100000|  0%| F|  |TAMS 0x00000000e7000000, 0x00000000e7000000| Untracked 
| 113|0x00000000e7100000, 0x00000000e7100000, 0x00000000e7200000|  0%| F|  |TAMS 0x00000000e7100000, 0x00000000e7100000| Untracked 
| 114|0x00000000e7200000, 0x00000000e7200000, 0x00000000e7300000|  0%| F|  |TAMS 0x00000000e7200000, 0x00000000e7200000| Untracked 
| 115|0x00000000e7300000, 0x00000000e7300000, 0x00000000e7400000|  0%| F|  |TAMS 0x00000000e7300000, 0x00000000e7300000| Untracked 
| 116|0x00000000e7400000, 0x00000000e7400000, 0x00000000e7500000|  0%| F|  |TAMS 0x00000000e7400000, 0x00000000e7400000| Untracked 
| 117|0x00000000e7500000, 0x00000000e7500000, 0x00000000e7600000|  0%| F|  |TAMS 0x00000000e7500000, 0x00000000e7500000| Untracked 
| 118|0x00000000e7600000, 0x00000000e7600000, 0x00000000e7700000|  0%| F|  |TAMS 0x00000000e7600000, 0x00000000e7600000| Untracked 
| 119|0x00000000e7700000, 0x00000000e7700000, 0x00000000e7800000|  0%| F|  |TAMS 0x00000000e7700000, 0x00000000e7700000| Untracked 
| 120|0x00000000e7800000, 0x00000000e7800000, 0x00000000e7900000|  0%| F|  |TAMS 0x00000000e7800000, 0x00000000e7800000| Untracked 
| 121|0x00000000e7900000, 0x00000000e7900000, 0x00000000e7a00000|  0%| F|  |TAMS 0x00000000e7900000, 0x00000000e7900000| Untracked 
| 122|0x00000000e7a00000, 0x00000000e7a00000, 0x00000000e7b00000|  0%| F|  |TAMS 0x00000000e7a00000, 0x00000000e7a00000| Untracked 
| 123|0x00000000e7b00000, 0x00000000e7b00000, 0x00000000e7c00000|  0%| F|  |TAMS 0x00000000e7b00000, 0x00000000e7b00000| Untracked 
| 124|0x00000000e7c00000, 0x00000000e7c00000, 0x00000000e7d00000|  0%| F|  |TAMS 0x00000000e7c00000, 0x00000000e7c00000| Untracked 
| 125|0x00000000e7d00000, 0x00000000e7d00000, 0x00000000e7e00000|  0%| F|  |TAMS 0x00000000e7d00000, 0x00000000e7d00000| Untracked 
| 126|0x00000000e7e00000, 0x00000000e7e00000, 0x00000000e7f00000|  0%| F|  |TAMS 0x00000000e7e00000, 0x00000000e7e00000| Untracked 
| 127|0x00000000e7f00000, 0x00000000e7f00000, 0x00000000e8000000|  0%| F|  |TAMS 0x00000000e7f00000, 0x00000000e7f00000| Untracked 
| 128|0x00000000e8000000, 0x00000000e8000000, 0x00000000e8100000|  0%| F|  |TAMS 0x00000000e8000000, 0x00000000e8000000| Untracked 
| 129|0x00000000e8100000, 0x00000000e8100000, 0x00000000e8200000|  0%| F|  |TAMS 0x00000000e8100000, 0x00000000e8100000| Untracked 
| 130|0x00000000e8200000, 0x00000000e8200000, 0x00000000e8300000|  0%| F|  |TAMS 0x00000000e8200000, 0x00000000e8200000| Untracked 
| 131|0x00000000e8300000, 0x00000000e8300000, 0x00000000e8400000|  0%| F|  |TAMS 0x00000000e8300000, 0x00000000e8300000| Untracked 
| 132|0x00000000e8400000, 0x00000000e8400000, 0x00000000e8500000|  0%| F|  |TAMS 0x00000000e8400000, 0x00000000e8400000| Untracked 
| 133|0x00000000e8500000, 0x00000000e8500000, 0x00000000e8600000|  0%| F|  |TAMS 0x00000000e8500000, 0x00000000e8500000| Untracked 
| 134|0x00000000e8600000, 0x00000000e8600000, 0x00000000e8700000|  0%| F|  |TAMS 0x00000000e8600000, 0x00000000e8600000| Untracked 
| 135|0x00000000e8700000, 0x00000000e8700000, 0x00000000e8800000|  0%| F|  |TAMS 0x00000000e8700000, 0x00000000e8700000| Untracked 
| 136|0x00000000e8800000, 0x00000000e8800000, 0x00000000e8900000|  0%| F|  |TAMS 0x00000000e8800000, 0x00000000e8800000| Untracked 
| 137|0x00000000e8900000, 0x00000000e8900000, 0x00000000e8a00000|  0%| F|  |TAMS 0x00000000e8900000, 0x00000000e8900000| Untracked 
| 138|0x00000000e8a00000, 0x00000000e8a00000, 0x00000000e8b00000|  0%| F|  |TAMS 0x00000000e8a00000, 0x00000000e8a00000| Untracked 
| 139|0x00000000e8b00000, 0x00000000e8b00000, 0x00000000e8c00000|  0%| F|  |TAMS 0x00000000e8b00000, 0x00000000e8b00000| Untracked 
| 140|0x00000000e8c00000, 0x00000000e8c00000, 0x00000000e8d00000|  0%| F|  |TAMS 0x00000000e8c00000, 0x00000000e8c00000| Untracked 
| 141|0x00000000e8d00000, 0x00000000e8d00000, 0x00000000e8e00000|  0%| F|  |TAMS 0x00000000e8d00000, 0x00000000e8d00000| Untracked 
| 142|0x00000000e8e00000, 0x00000000e8e00000, 0x00000000e8f00000|  0%| F|  |TAMS 0x00000000e8e00000, 0x00000000e8e00000| Untracked 
| 143|0x00000000e8f00000, 0x00000000e8f00000, 0x00000000e9000000|  0%| F|  |TAMS 0x00000000e8f00000, 0x00000000e8f00000| Untracked 
| 144|0x00000000e9000000, 0x00000000e9000000, 0x00000000e9100000|  0%| F|  |TAMS 0x00000000e9000000, 0x00000000e9000000| Untracked 
| 145|0x00000000e9100000, 0x00000000e9100000, 0x00000000e9200000|  0%| F|  |TAMS 0x00000000e9100000, 0x00000000e9100000| Untracked 
| 146|0x00000000e9200000, 0x00000000e9200000, 0x00000000e9300000|  0%| F|  |TAMS 0x00000000e9200000, 0x00000000e9200000| Untracked 
| 147|0x00000000e9300000, 0x00000000e9300000, 0x00000000e9400000|  0%| F|  |TAMS 0x00000000e9300000, 0x00000000e9300000| Untracked 
| 148|0x00000000e9400000, 0x00000000e9400000, 0x00000000e9500000|  0%| F|  |TAMS 0x00000000e9400000, 0x00000000e9400000| Untracked 
| 149|0x00000000e9500000, 0x00000000e9500000, 0x00000000e9600000|  0%| F|  |TAMS 0x00000000e9500000, 0x00000000e9500000| Untracked 
| 150|0x00000000e9600000, 0x00000000e9600000, 0x00000000e9700000|  0%| F|  |TAMS 0x00000000e9600000, 0x00000000e9600000| Untracked 
| 151|0x00000000e9700000, 0x00000000e9700000, 0x00000000e9800000|  0%| F|  |TAMS 0x00000000e9700000, 0x00000000e9700000| Untracked 
| 152|0x00000000e9800000, 0x00000000e9800000, 0x00000000e9900000|  0%| F|  |TAMS 0x00000000e9800000, 0x00000000e9800000| Untracked 
| 153|0x00000000e9900000, 0x00000000e9900000, 0x00000000e9a00000|  0%| F|  |TAMS 0x00000000e9900000, 0x00000000e9900000| Untracked 
| 154|0x00000000e9a00000, 0x00000000e9a00000, 0x00000000e9b00000|  0%| F|  |TAMS 0x00000000e9a00000, 0x00000000e9a00000| Untracked 
| 155|0x00000000e9b00000, 0x00000000e9b00000, 0x00000000e9c00000|  0%| F|  |TAMS 0x00000000e9b00000, 0x00000000e9b00000| Untracked 
| 156|0x00000000e9c00000, 0x00000000e9c00000, 0x00000000e9d00000|  0%| F|  |TAMS 0x00000000e9c00000, 0x00000000e9c00000| Untracked 
| 157|0x00000000e9d00000, 0x00000000e9d00000, 0x00000000e9e00000|  0%| F|  |TAMS 0x00000000e9d00000, 0x00000000e9d00000| Untracked 
| 158|0x00000000e9e00000, 0x00000000e9e00000, 0x00000000e9f00000|  0%| F|  |TAMS 0x00000000e9e00000, 0x00000000e9e00000| Untracked 
| 159|0x00000000e9f00000, 0x00000000e9f00000, 0x00000000ea000000|  0%| F|  |TAMS 0x00000000e9f00000, 0x00000000e9f00000| Untracked 
| 160|0x00000000ea000000, 0x00000000ea000000, 0x00000000ea100000|  0%| F|  |TAMS 0x00000000ea000000, 0x00000000ea000000| Untracked 
| 161|0x00000000ea100000, 0x00000000ea100000, 0x00000000ea200000|  0%| F|  |TAMS 0x00000000ea100000, 0x00000000ea100000| Untracked 
| 162|0x00000000ea200000, 0x00000000ea200000, 0x00000000ea300000|  0%| F|  |TAMS 0x00000000ea200000, 0x00000000ea200000| Untracked 
| 163|0x00000000ea300000, 0x00000000ea300000, 0x00000000ea400000|  0%| F|  |TAMS 0x00000000ea300000, 0x00000000ea300000| Untracked 
| 164|0x00000000ea400000, 0x00000000ea400000, 0x00000000ea500000|  0%| F|  |TAMS 0x00000000ea400000, 0x00000000ea400000| Untracked 
| 165|0x00000000ea500000, 0x00000000ea500000, 0x00000000ea600000|  0%| F|  |TAMS 0x00000000ea500000, 0x00000000ea500000| Untracked 
| 166|0x00000000ea600000, 0x00000000ea600000, 0x00000000ea700000|  0%| F|  |TAMS 0x00000000ea600000, 0x00000000ea600000| Untracked 
| 167|0x00000000ea700000, 0x00000000ea700000, 0x00000000ea800000|  0%| F|  |TAMS 0x00000000ea700000, 0x00000000ea700000| Untracked 
| 168|0x00000000ea800000, 0x00000000ea800000, 0x00000000ea900000|  0%| F|  |TAMS 0x00000000ea800000, 0x00000000ea800000| Untracked 
| 169|0x00000000ea900000, 0x00000000ea900000, 0x00000000eaa00000|  0%| F|  |TAMS 0x00000000ea900000, 0x00000000ea900000| Untracked 
| 170|0x00000000eaa00000, 0x00000000eaa00000, 0x00000000eab00000|  0%| F|  |TAMS 0x00000000eaa00000, 0x00000000eaa00000| Untracked 
| 171|0x00000000eab00000, 0x00000000eab00000, 0x00000000eac00000|  0%| F|  |TAMS 0x00000000eab00000, 0x00000000eab00000| Untracked 
| 172|0x00000000eac00000, 0x00000000eac00000, 0x00000000ead00000|  0%| F|  |TAMS 0x00000000eac00000, 0x00000000eac00000| Untracked 
| 173|0x00000000ead00000, 0x00000000ead00000, 0x00000000eae00000|  0%| F|  |TAMS 0x00000000ead00000, 0x00000000ead00000| Untracked 
| 174|0x00000000eae00000, 0x00000000eae00000, 0x00000000eaf00000|  0%| F|  |TAMS 0x00000000eae00000, 0x00000000eae00000| Untracked 
| 175|0x00000000eaf00000, 0x00000000eaf00000, 0x00000000eb000000|  0%| F|  |TAMS 0x00000000eaf00000, 0x00000000eaf00000| Untracked 
| 176|0x00000000eb000000, 0x00000000eb000000, 0x00000000eb100000|  0%| F|  |TAMS 0x00000000eb000000, 0x00000000eb000000| Untracked 
| 177|0x00000000eb100000, 0x00000000eb100000, 0x00000000eb200000|  0%| F|  |TAMS 0x00000000eb100000, 0x00000000eb100000| Untracked 
| 178|0x00000000eb200000, 0x00000000eb200000, 0x00000000eb300000|  0%| F|  |TAMS 0x00000000eb200000, 0x00000000eb200000| Untracked 
| 179|0x00000000eb300000, 0x00000000eb300000, 0x00000000eb400000|  0%| F|  |TAMS 0x00000000eb300000, 0x00000000eb300000| Untracked 
| 180|0x00000000eb400000, 0x00000000eb400000, 0x00000000eb500000|  0%| F|  |TAMS 0x00000000eb400000, 0x00000000eb400000| Untracked 
| 181|0x00000000eb500000, 0x00000000eb500000, 0x00000000eb600000|  0%| F|  |TAMS 0x00000000eb500000, 0x00000000eb500000| Untracked 
| 182|0x00000000eb600000, 0x00000000eb600000, 0x00000000eb700000|  0%| F|  |TAMS 0x00000000eb600000, 0x00000000eb600000| Untracked 
| 183|0x00000000eb700000, 0x00000000eb700000, 0x00000000eb800000|  0%| F|  |TAMS 0x00000000eb700000, 0x00000000eb700000| Untracked 
| 184|0x00000000eb800000, 0x00000000eb800000, 0x00000000eb900000|  0%| F|  |TAMS 0x00000000eb800000, 0x00000000eb800000| Untracked 
| 185|0x00000000eb900000, 0x00000000eb900000, 0x00000000eba00000|  0%| F|  |TAMS 0x00000000eb900000, 0x00000000eb900000| Untracked 
| 186|0x00000000eba00000, 0x00000000eba00000, 0x00000000ebb00000|  0%| F|  |TAMS 0x00000000eba00000, 0x00000000eba00000| Untracked 
| 187|0x00000000ebb00000, 0x00000000ebb00000, 0x00000000ebc00000|  0%| F|  |TAMS 0x00000000ebb00000, 0x00000000ebb00000| Untracked 
| 188|0x00000000ebc00000, 0x00000000ebc00000, 0x00000000ebd00000|  0%| F|  |TAMS 0x00000000ebc00000, 0x00000000ebc00000| Untracked 
| 189|0x00000000ebd00000, 0x00000000ebd00000, 0x00000000ebe00000|  0%| F|  |TAMS 0x00000000ebd00000, 0x00000000ebd00000| Untracked 
| 190|0x00000000ebe00000, 0x00000000ebe00000, 0x00000000ebf00000|  0%| F|  |TAMS 0x00000000ebe00000, 0x00000000ebe00000| Untracked 
| 191|0x00000000ebf00000, 0x00000000ebf00000, 0x00000000ec000000|  0%| F|  |TAMS 0x00000000ebf00000, 0x00000000ebf00000| Untracked 
| 192|0x00000000ec000000, 0x00000000ec000000, 0x00000000ec100000|  0%| F|  |TAMS 0x00000000ec000000, 0x00000000ec000000| Untracked 
| 193|0x00000000ec100000, 0x00000000ec100000, 0x00000000ec200000|  0%| F|  |TAMS 0x00000000ec100000, 0x00000000ec100000| Untracked 
| 194|0x00000000ec200000, 0x00000000ec200000, 0x00000000ec300000|  0%| F|  |TAMS 0x00000000ec200000, 0x00000000ec200000| Untracked 
| 195|0x00000000ec300000, 0x00000000ec300000, 0x00000000ec400000|  0%| F|  |TAMS 0x00000000ec300000, 0x00000000ec300000| Untracked 
| 196|0x00000000ec400000, 0x00000000ec400000, 0x00000000ec500000|  0%| F|  |TAMS 0x00000000ec400000, 0x00000000ec400000| Untracked 
| 197|0x00000000ec500000, 0x00000000ec500000, 0x00000000ec600000|  0%| F|  |TAMS 0x00000000ec500000, 0x00000000ec500000| Untracked 
| 198|0x00000000ec600000, 0x00000000ec600000, 0x00000000ec700000|  0%| F|  |TAMS 0x00000000ec600000, 0x00000000ec600000| Untracked 
| 199|0x00000000ec700000, 0x00000000ec700000, 0x00000000ec800000|  0%| F|  |TAMS 0x00000000ec700000, 0x00000000ec700000| Untracked 
| 200|0x00000000ec800000, 0x00000000ec800000, 0x00000000ec900000|  0%| F|  |TAMS 0x00000000ec800000, 0x00000000ec800000| Untracked 
| 201|0x00000000ec900000, 0x00000000ec900000, 0x00000000eca00000|  0%| F|  |TAMS 0x00000000ec900000, 0x00000000ec900000| Untracked 
| 202|0x00000000eca00000, 0x00000000eca00000, 0x00000000ecb00000|  0%| F|  |TAMS 0x00000000eca00000, 0x00000000eca00000| Untracked 
| 203|0x00000000ecb00000, 0x00000000ecb00000, 0x00000000ecc00000|  0%| F|  |TAMS 0x00000000ecb00000, 0x00000000ecb00000| Untracked 
| 204|0x00000000ecc00000, 0x00000000ecc00000, 0x00000000ecd00000|  0%| F|  |TAMS 0x00000000ecc00000, 0x00000000ecc00000| Untracked 
| 205|0x00000000ecd00000, 0x00000000ecd00000, 0x00000000ece00000|  0%| F|  |TAMS 0x00000000ecd00000, 0x00000000ecd00000| Untracked 
| 206|0x00000000ece00000, 0x00000000ece00000, 0x00000000ecf00000|  0%| F|  |TAMS 0x00000000ece00000, 0x00000000ece00000| Untracked 
| 207|0x00000000ecf00000, 0x00000000ecf00000, 0x00000000ed000000|  0%| F|  |TAMS 0x00000000ecf00000, 0x00000000ecf00000| Untracked 
| 208|0x00000000ed000000, 0x00000000ed000000, 0x00000000ed100000|  0%| F|  |TAMS 0x00000000ed000000, 0x00000000ed000000| Untracked 
| 209|0x00000000ed100000, 0x00000000ed100000, 0x00000000ed200000|  0%| F|  |TAMS 0x00000000ed100000, 0x00000000ed100000| Untracked 
| 210|0x00000000ed200000, 0x00000000ed200000, 0x00000000ed300000|  0%| F|  |TAMS 0x00000000ed200000, 0x00000000ed200000| Untracked 
| 211|0x00000000ed300000, 0x00000000ed300000, 0x00000000ed400000|  0%| F|  |TAMS 0x00000000ed300000, 0x00000000ed300000| Untracked 
| 212|0x00000000ed400000, 0x00000000ed400000, 0x00000000ed500000|  0%| F|  |TAMS 0x00000000ed400000, 0x00000000ed400000| Untracked 
| 213|0x00000000ed500000, 0x00000000ed500000, 0x00000000ed600000|  0%| F|  |TAMS 0x00000000ed500000, 0x00000000ed500000| Untracked 
| 214|0x00000000ed600000, 0x00000000ed600000, 0x00000000ed700000|  0%| F|  |TAMS 0x00000000ed600000, 0x00000000ed600000| Untracked 
| 215|0x00000000ed700000, 0x00000000ed700000, 0x00000000ed800000|  0%| F|  |TAMS 0x00000000ed700000, 0x00000000ed700000| Untracked 
| 216|0x00000000ed800000, 0x00000000ed800000, 0x00000000ed900000|  0%| F|  |TAMS 0x00000000ed800000, 0x00000000ed800000| Untracked 
| 217|0x00000000ed900000, 0x00000000ed900000, 0x00000000eda00000|  0%| F|  |TAMS 0x00000000ed900000, 0x00000000ed900000| Untracked 
| 218|0x00000000eda00000, 0x00000000eda00000, 0x00000000edb00000|  0%| F|  |TAMS 0x00000000eda00000, 0x00000000eda00000| Untracked 
| 219|0x00000000edb00000, 0x00000000edb00000, 0x00000000edc00000|  0%| F|  |TAMS 0x00000000edb00000, 0x00000000edb00000| Untracked 
| 220|0x00000000edc00000, 0x00000000edc00000, 0x00000000edd00000|  0%| F|  |TAMS 0x00000000edc00000, 0x00000000edc00000| Untracked 
| 221|0x00000000edd00000, 0x00000000edd00000, 0x00000000ede00000|  0%| F|  |TAMS 0x00000000edd00000, 0x00000000edd00000| Untracked 
| 222|0x00000000ede00000, 0x00000000ede00000, 0x00000000edf00000|  0%| F|  |TAMS 0x00000000ede00000, 0x00000000ede00000| Untracked 
| 223|0x00000000edf00000, 0x00000000edf00000, 0x00000000ee000000|  0%| F|  |TAMS 0x00000000edf00000, 0x00000000edf00000| Untracked 
| 224|0x00000000ee000000, 0x00000000ee000000, 0x00000000ee100000|  0%| F|  |TAMS 0x00000000ee000000, 0x00000000ee000000| Untracked 
| 225|0x00000000ee100000, 0x00000000ee100000, 0x00000000ee200000|  0%| F|  |TAMS 0x00000000ee100000, 0x00000000ee100000| Untracked 
| 226|0x00000000ee200000, 0x00000000ee200000, 0x00000000ee300000|  0%| F|  |TAMS 0x00000000ee200000, 0x00000000ee200000| Untracked 
| 227|0x00000000ee300000, 0x00000000ee300000, 0x00000000ee400000|  0%| F|  |TAMS 0x00000000ee300000, 0x00000000ee300000| Untracked 
| 228|0x00000000ee400000, 0x00000000ee400000, 0x00000000ee500000|  0%| F|  |TAMS 0x00000000ee400000, 0x00000000ee400000| Untracked 
| 229|0x00000000ee500000, 0x00000000ee500000, 0x00000000ee600000|  0%| F|  |TAMS 0x00000000ee500000, 0x00000000ee500000| Untracked 
| 230|0x00000000ee600000, 0x00000000ee600000, 0x00000000ee700000|  0%| F|  |TAMS 0x00000000ee600000, 0x00000000ee600000| Untracked 
| 231|0x00000000ee700000, 0x00000000ee700000, 0x00000000ee800000|  0%| F|  |TAMS 0x00000000ee700000, 0x00000000ee700000| Untracked 
| 232|0x00000000ee800000, 0x00000000ee800000, 0x00000000ee900000|  0%| F|  |TAMS 0x00000000ee800000, 0x00000000ee800000| Untracked 
| 233|0x00000000ee900000, 0x00000000ee900000, 0x00000000eea00000|  0%| F|  |TAMS 0x00000000ee900000, 0x00000000ee900000| Untracked 
| 234|0x00000000eea00000, 0x00000000eea00000, 0x00000000eeb00000|  0%| F|  |TAMS 0x00000000eea00000, 0x00000000eea00000| Untracked 
| 235|0x00000000eeb00000, 0x00000000eeb00000, 0x00000000eec00000|  0%| F|  |TAMS 0x00000000eeb00000, 0x00000000eeb00000| Untracked 
| 236|0x00000000eec00000, 0x00000000eec00000, 0x00000000eed00000|  0%| F|  |TAMS 0x00000000eec00000, 0x00000000eec00000| Untracked 
| 237|0x00000000eed00000, 0x00000000eed00000, 0x00000000eee00000|  0%| F|  |TAMS 0x00000000eed00000, 0x00000000eed00000| Untracked 
| 238|0x00000000eee00000, 0x00000000eee00000, 0x00000000eef00000|  0%| F|  |TAMS 0x00000000eee00000, 0x00000000eee00000| Untracked 
| 239|0x00000000eef00000, 0x00000000eef00000, 0x00000000ef000000|  0%| F|  |TAMS 0x00000000eef00000, 0x00000000eef00000| Untracked 
| 240|0x00000000ef000000, 0x00000000ef000000, 0x00000000ef100000|  0%| F|  |TAMS 0x00000000ef000000, 0x00000000ef000000| Untracked 
| 241|0x00000000ef100000, 0x00000000ef100000, 0x00000000ef200000|  0%| F|  |TAMS 0x00000000ef100000, 0x00000000ef100000| Untracked 
| 242|0x00000000ef200000, 0x00000000ef200000, 0x00000000ef300000|  0%| F|  |TAMS 0x00000000ef200000, 0x00000000ef200000| Untracked 
| 243|0x00000000ef300000, 0x00000000ef300000, 0x00000000ef400000|  0%| F|  |TAMS 0x00000000ef300000, 0x00000000ef300000| Untracked 
| 244|0x00000000ef400000, 0x00000000ef400000, 0x00000000ef500000|  0%| F|  |TAMS 0x00000000ef400000, 0x00000000ef400000| Untracked 
| 245|0x00000000ef500000, 0x00000000ef500000, 0x00000000ef600000|  0%| F|  |TAMS 0x00000000ef500000, 0x00000000ef500000| Untracked 
| 246|0x00000000ef600000, 0x00000000ef600000, 0x00000000ef700000|  0%| F|  |TAMS 0x00000000ef600000, 0x00000000ef600000| Untracked 
| 247|0x00000000ef700000, 0x00000000ef700000, 0x00000000ef800000|  0%| F|  |TAMS 0x00000000ef700000, 0x00000000ef700000| Untracked 
| 248|0x00000000ef800000, 0x00000000ef87f320, 0x00000000ef900000| 49%| S|CS|TAMS 0x00000000ef800000, 0x00000000ef800000| Complete 
| 249|0x00000000ef900000, 0x00000000efa00000, 0x00000000efa00000|100%| S|CS|TAMS 0x00000000ef900000, 0x00000000ef900000| Complete 
| 250|0x00000000efa00000, 0x00000000efb00000, 0x00000000efb00000|100%| S|CS|TAMS 0x00000000efa00000, 0x00000000efa00000| Complete 
| 251|0x00000000efb00000, 0x00000000efb00000, 0x00000000efc00000|  0%| F|  |TAMS 0x00000000efb00000, 0x00000000efb00000| Untracked 
| 252|0x00000000efc00000, 0x00000000efc00000, 0x00000000efd00000|  0%| F|  |TAMS 0x00000000efc00000, 0x00000000efc00000| Untracked 
| 253|0x00000000efd00000, 0x00000000efd00000, 0x00000000efe00000|  0%| F|  |TAMS 0x00000000efd00000, 0x00000000efd00000| Untracked 

Card table byte_map: [0x00000234f25f0000,0x00000234f26f0000] _byte_map_base: 0x00000234f1ef0000

Marking Bits (Prev, Next): (CMBitMap*) 0x00000234e9fb7230, (CMBitMap*) 0x00000234e9fb7270
 Prev Bits: [0x00000234f27f0000, 0x00000234f2ff0000)
 Next Bits: [0x00000234f2ff0000, 0x00000234f37f0000)

Polling page: 0x00000234e9760000

Metaspace:

Usage:
  Non-class:     14.25 MB capacity,    14.12 MB (>99%) used,   110.31 KB ( <1%) free+waste,    18.62 KB ( <1%) overhead. 
      Class:      2.02 MB capacity,     1.95 MB ( 97%) used,    61.57 KB (  3%) free+waste,     7.69 KB ( <1%) overhead. 
       Both:     16.26 MB capacity,    16.07 MB ( 99%) used,   171.88 KB (  1%) free+waste,    26.31 KB ( <1%) overhead. 

Virtual space:
  Non-class space:       26.00 MB reserved,      14.25 MB ( 55%) committed 
      Class space:        1.00 GB reserved,       2.12 MB ( <1%) committed 
             Both:        1.03 GB reserved,      16.38 MB (  2%) committed 

Chunk freelists:
   Non-Class:  5.00 KB
       Class:  12.00 KB
        Both:  17.00 KB

MaxMetaspaceSize: 17179869184.00 GB
CompressedClassSpaceSize: 1.00 GB

CodeHeap 'non-profiled nmethods': size=120000Kb used=612Kb max_used=612Kb free=119387Kb
 bounds [0x0000023487ad0000, 0x0000023487d40000, 0x000002348f000000]
CodeHeap 'profiled nmethods': size=120000Kb used=2938Kb max_used=2938Kb free=117061Kb
 bounds [0x00000234805a0000, 0x0000023480880000, 0x0000023487ad0000]
CodeHeap 'non-nmethods': size=5760Kb used=1250Kb max_used=1280Kb free=4509Kb
 bounds [0x0000023480000000, 0x0000023480270000, 0x00000234805a0000]
 total_blobs=2147 nmethods=1627 adapters=432
 compilation: enabled
              stopped_count=0, restarted_count=0
 full_count=0

Compilation events (20 events):
Event: 3.184 Thread 0x00000234f6255c70 nmethod 1614 0x0000023487b68510 code [0x0000023487b68680, 0x0000023487b68718]
Event: 3.195 Thread 0x00000234f6255c70 1615       4       java.lang.String::indexOf (64 bytes)
Event: 3.203 Thread 0x00000234f6255c70 nmethod 1615 0x0000023487b68810 code [0x0000023487b68980, 0x0000023487b68bb8]
Event: 3.203 Thread 0x00000234f6256720 1617   !   3       java.lang.ref.ReferenceQueue::enqueue (119 bytes)
Event: 3.203 Thread 0x00000234f6255c70 1618       4       java.util.jar.Manifest$FastInputStream::readLine (296 bytes)
Event: 3.204 Thread 0x00000234f6256720 nmethod 1617 0x0000023480878b10 code [0x0000023480878d00, 0x00000234808793c8]
Event: 3.204 Thread 0x00000234f6256720 1619   !   3       java.lang.ref.ReferenceQueue::remove (125 bytes)
Event: 3.205 Thread 0x00000234f6256720 nmethod 1619 0x0000023480879590 code [0x00000234808797a0, 0x0000023480879ef8]
Event: 3.205 Thread 0x00000234f6256720 1620   !   3       jdk.internal.ref.PhantomCleanable::isListEmpty (34 bytes)
Event: 3.206 Thread 0x00000234f6256720 nmethod 1620 0x000002348087a210 code [0x000002348087a3c0, 0x000002348087a5f8]
Event: 3.206 Thread 0x00000234f6256720 1621   !   3       java.util.concurrent.ConcurrentHashMap::replaceNode (437 bytes)
Event: 3.209 Thread 0x00000234f6256720 nmethod 1621 0x000002348087a710 code [0x000002348087aa60, 0x000002348087c338]
Event: 3.209 Thread 0x00000234f6256720 1622       3       java.util.concurrent.ConcurrentHashMap::remove (8 bytes)
Event: 3.209 Thread 0x00000234f6256720 nmethod 1622 0x000002348087d010 code [0x000002348087d1c0, 0x000002348087d308]
Event: 3.209 Thread 0x00000234f6256720 1623       3       sun.invoke.util.Wrapper::isSubwordOrInt (20 bytes)
Event: 3.209 Thread 0x00000234f6256720 nmethod 1623 0x000002348087d390 code [0x000002348087d540, 0x000002348087d958]
Event: 3.209 Thread 0x00000234f6256720 1624       3       sun.invoke.util.Wrapper::isIntegral (23 bytes)
Event: 3.210 Thread 0x00000234f6256720 nmethod 1624 0x000002348087da90 code [0x000002348087dc40, 0x000002348087de98]
Event: 3.210 Thread 0x00000234f6256720 1625       3       sun.invoke.util.Wrapper::isNumeric (16 bytes)
Event: 3.210 Thread 0x00000234f6256720 nmethod 1625 0x000002348087df90 code [0x000002348087e120, 0x000002348087e278]

GC Heap History (4 events):
Event: 1.082 GC heap before
{Heap before GC invocations=0 (full 0):
 garbage-first heap   total 260096K, used 23552K [0x00000000e0000000, 0x0000000100000000)
  region size 1024K, 23 young (23552K), 0 survivors (0K)
 Metaspace       used 7786K, capacity 7984K, committed 8192K, reserved 1056768K
  class space    used 860K, capacity 908K, committed 1024K, reserved 1048576K
}
Event: 1.089 GC heap after
{Heap after GC invocations=1 (full 0):
 garbage-first heap   total 260096K, used 5396K [0x00000000e0000000, 0x0000000100000000)
  region size 1024K, 3 young (3072K), 3 survivors (3072K)
 Metaspace       used 7786K, capacity 7984K, committed 8192K, reserved 1056768K
  class space    used 860K, capacity 908K, committed 1024K, reserved 1048576K
}
Event: 3.196 GC heap before
{Heap before GC invocations=1 (full 0):
 garbage-first heap   total 260096K, used 48404K [0x00000000e0000000, 0x0000000100000000)
  region size 1024K, 28 young (28672K), 3 survivors (3072K)
 Metaspace       used 15859K, capacity 16111K, committed 16384K, reserved 1062912K
  class space    used 1913K, capacity 1972K, committed 2048K, reserved 1048576K
}
Event: 3.203 GC heap after
{Heap after GC invocations=2 (full 0):
 garbage-first heap   total 260096K, used 25445K [0x00000000e0000000, 0x0000000100000000)
  region size 1024K, 3 young (3072K), 3 survivors (3072K)
 Metaspace       used 15859K, capacity 16111K, committed 16384K, reserved 1062912K
  class space    used 1913K, capacity 1972K, committed 2048K, reserved 1048576K
}

Deoptimization events (20 events):
Event: 1.507 Thread 0x00000234e9f8e060 DEOPT PACKING pc=0x0000023487b4cc48 sp=0x00000056490fd040
Event: 1.507 Thread 0x00000234e9f8e060 DEOPT UNPACKING pc=0x000002348004e42f sp=0x00000056490fcfc8 mode 2
Event: 1.507 Thread 0x00000234e9f8e060 Uncommon trap: trap_request=0xffffffde fr.pc=0x0000023487b4cc48 relative=0x0000000000000128
Event: 1.508 Thread 0x00000234e9f8e060 Uncommon trap: reason=class_check action=maybe_recompile pc=0x0000023487b4cc48 method=jdk.internal.misc.Unsafe.allocateUninitializedArray(Ljava/lang/Class;I)Ljava/lang/Object; @ 51 c2
Event: 1.508 Thread 0x00000234e9f8e060 DEOPT PACKING pc=0x0000023487b4cc48 sp=0x00000056490fce40
Event: 1.508 Thread 0x00000234e9f8e060 DEOPT UNPACKING pc=0x000002348004e42f sp=0x00000056490fcdc8 mode 2
Event: 1.571 Thread 0x00000234f81a4ad0 Uncommon trap: trap_request=0xffffff45 fr.pc=0x0000023487b18f54 relative=0x00000000000000b4
Event: 1.571 Thread 0x00000234f81a4ad0 Uncommon trap: reason=unstable_if action=reinterpret pc=0x0000023487b18f54 method=java.lang.CharacterDataLatin1.digit(II)I @ 12 c2
Event: 1.571 Thread 0x00000234f81a4ad0 DEOPT PACKING pc=0x0000023487b18f54 sp=0x000000564aefe7d0
Event: 1.571 Thread 0x00000234f81a4ad0 DEOPT UNPACKING pc=0x000002348004e42f sp=0x000000564aefe688 mode 2
Event: 2.101 Thread 0x00000234f81a4ad0 Uncommon trap: trap_request=0xffffff45 fr.pc=0x0000023487b18bc4 relative=0x00000000000000a4
Event: 2.101 Thread 0x00000234f81a4ad0 Uncommon trap: reason=unstable_if action=reinterpret pc=0x0000023487b18bc4 method=java.lang.CharacterDataLatin1.digit(II)I @ 12 c2
Event: 2.101 Thread 0x00000234f81a4ad0 DEOPT PACKING pc=0x0000023487b18bc4 sp=0x000000564aefe730
Event: 2.101 Thread 0x00000234f81a4ad0 DEOPT UNPACKING pc=0x000002348004e42f sp=0x000000564aefe6a8 mode 2
Event: 2.174 Thread 0x00000234e9f8e060 Uncommon trap: trap_request=0xffffff45 fr.pc=0x0000023487b360b4 relative=0x0000000000000414
Event: 2.174 Thread 0x00000234e9f8e060 Uncommon trap: reason=unstable_if action=reinterpret pc=0x0000023487b360b4 method=java.io.ByteArrayInputStream.read([BII)I @ 35 c2
Event: 2.174 Thread 0x00000234e9f8e060 DEOPT PACKING pc=0x0000023487b360b4 sp=0x00000056490fe510
Event: 2.174 Thread 0x00000234e9f8e060 DEOPT UNPACKING pc=0x000002348004e42f sp=0x00000056490fe4d0 mode 2
Event: 2.299 Thread 0x00000234e9f8e060 DEOPT PACKING pc=0x00000234807e4d82 sp=0x00000056490fb5c0
Event: 2.299 Thread 0x00000234e9f8e060 DEOPT UNPACKING pc=0x000002348004e23f sp=0x00000056490faad0 mode 0

Classes unloaded (0 events):
No events

Classes redefined (0 events):
No events

Internal exceptions (20 events):
Event: 1.479 Thread 0x00000234e9f8e060 Exception <a 'java/lang/NoSuchMethodError'{0x00000000ef4b1c10}: 'void java.lang.invoke.DirectMethodHandle$Holder.invokeInterface(java.lang.Object, java.lang.Object, java.lang.Object)'> (0x00000000ef4b1c10) 
thrown [./open/src/hotspot/share/interpreter/linkResolver.cpp, line 782]
Event: 1.481 Thread 0x00000234e9f8e060 Exception <a 'java/lang/NoSuchMethodError'{0x00000000ef4bad40}: 'java.lang.Object java.lang.invoke.DirectMethodHandle$Holder.invokeVirtual(java.lang.Object, java.lang.Object, java.lang.Object)'> (0x00000000ef4bad40) 
thrown [./open/src/hotspot/share/interpreter/linkResolver.cpp, line 782]
Event: 1.489 Thread 0x00000234e9f8e060 Exception <a 'java/lang/NoSuchMethodError'{0x00000000ef4ecec8}: 'void java.lang.invoke.DirectMethodHandle$Holder.invokeStatic(java.lang.Object, java.lang.Object, java.lang.Object)'> (0x00000000ef4ecec8) 
thrown [./open/src/hotspot/share/interpreter/linkResolver.cpp, line 782]
Event: 1.510 Thread 0x00000234e9f8e060 Exception <a 'java/lang/NoSuchMethodError'{0x00000000ef39c3b0}: 'java.lang.Object java.lang.invoke.Invokers$Holder.invokeExact_MT(java.lang.Object, java.lang.Object, java.lang.Object, java.lang.Object, java.lang.Object, java.lang.Object)'> (0x00000000ef39c3b0) 
thrown [./open/src/hotspot/share/interpreter/linkResolver.cpp, line 782]
Event: 1.566 Thread 0x00000234f7c9c440 Exception <a 'java/lang/NoSuchMethodError'{0x00000000ef111958}: 'void java.lang.invoke.DirectMethodHandle$Holder.invokeStatic(java.lang.Object, long)'> (0x00000000ef111958) 
thrown [./open/src/hotspot/share/interpreter/linkResolver.cpp, line 782]
Event: 1.567 Thread 0x00000234f7c9c440 Exception <a 'java/lang/NoSuchMethodError'{0x00000000ef1172e0}: 'java.lang.Object java.lang.invoke.DirectMethodHandle$Holder.newInvokeSpecial(java.lang.Object, long)'> (0x00000000ef1172e0) 
thrown [./open/src/hotspot/share/interpreter/linkResolver.cpp, line 782]
Event: 1.570 Thread 0x00000234f7c9c440 Exception <a 'java/lang/NoSuchMethodError'{0x00000000ef1626c0}: 'java.lang.Object java.lang.invoke.DirectMethodHandle$Holder.invokeStaticInit(java.lang.Object, java.lang.Object, long, java.lang.Object)'> (0x00000000ef1626c0) 
thrown [./open/src/hotspot/share/interpreter/linkResolver.cpp, line 782]
Event: 1.571 Thread 0x00000234f7c9c440 Exception <a 'java/lang/NoSuchMethodError'{0x00000000ef168bc8}: 'java.lang.Object java.lang.invoke.DirectMethodHandle$Holder.newInvokeSpecial(java.lang.Object, java.lang.Object, long)'> (0x00000000ef168bc8) 
thrown [./open/src/hotspot/share/interpreter/linkResolver.cpp, line 782]
Event: 1.572 Thread 0x00000234f7c9c440 Exception <a 'java/lang/NoSuchMethodError'{0x00000000ef16cfb8}: 'java.lang.Object java.lang.invoke.Invokers$Holder.linkToTargetMethod(java.lang.Object, long, java.lang.Object)'> (0x00000000ef16cfb8) 
thrown [./open/src/hotspot/share/interpreter/linkResolver.cpp, line 782]
Event: 2.085 Thread 0x00000234f81a4ad0 Exception <a 'java/net/SocketException'{0x00000000ef148c58}: Socket is not connected: shutdown> (0x00000000ef148c58) 
thrown [./open/src/hotspot/share/prims/jni.cpp, line 599]
Event: 2.120 Thread 0x00000234e9f8e060 Exception <a 'java/lang/NoSuchMethodError'{0x00000000ef00d068}: 'int java.lang.invoke.DirectMethodHandle$Holder.invokeVirtual(java.lang.Object, java.lang.Object)'> (0x00000000ef00d068) 
thrown [./open/src/hotspot/share/interpreter/linkResolver.cpp, line 782]
Event: 2.121 Thread 0x00000234e9f8e060 Exception <a 'java/lang/NoSuchMethodError'{0x00000000ef0138b8}: 'double java.lang.invoke.DirectMethodHandle$Holder.invokeVirtual(java.lang.Object, java.lang.Object)'> (0x00000000ef0138b8) 
thrown [./open/src/hotspot/share/interpreter/linkResolver.cpp, line 782]
Event: 2.122 Thread 0x00000234e9f8e060 Exception <a 'java/lang/NoSuchMethodError'{0x00000000ef01a3f0}: 'float java.lang.invoke.DirectMethodHandle$Holder.invokeVirtual(java.lang.Object, java.lang.Object)'> (0x00000000ef01a3f0) 
thrown [./open/src/hotspot/share/interpreter/linkResolver.cpp, line 782]
Event: 2.123 Thread 0x00000234e9f8e060 Exception <a 'java/lang/NoSuchMethodError'{0x00000000ef023ad8}: 'long java.lang.invoke.DirectMethodHandle$Holder.invokeVirtual(java.lang.Object, java.lang.Object)'> (0x00000000ef023ad8) 
thrown [./open/src/hotspot/share/interpreter/linkResolver.cpp, line 782]
Event: 2.162 Thread 0x00000234e9f8e060 Exception <a 'java/lang/NoSuchMethodError'{0x00000000eef689e0}: 'void java.lang.invoke.DirectMethodHandle$Holder.invokeSpecial(java.lang.Object, java.lang.Object, java.lang.Object, java.lang.Object, java.lang.Object)'> (0x00000000eef689e0) 
thrown [./open/src/hotspot/share/interpreter/linkResolver.cpp, line 782]
Event: 2.163 Thread 0x00000234e9f8e060 Exception <a 'java/lang/NoSuchMethodError'{0x00000000eef6fee8}: 'void java.lang.invoke.DirectMethodHandle$Holder.invokeStatic(java.lang.Object, java.lang.Object, int)'> (0x00000000eef6fee8) 
thrown [./open/src/hotspot/share/interpreter/linkResolver.cpp, line 782]
Event: 2.181 Thread 0x00000234e9f8e060 Exception <a 'java/lang/NoSuchMethodError'{0x00000000eee216c8}: 'java.lang.Object java.lang.invoke.DirectMethodHandle$Holder.newInvokeSpecial(java.lang.Object, java.lang.Object, java.lang.Object, java.lang.Object, java.lang.Object)'> (0x00000000eee216c8) 
thrown [./open/src/hotspot/share/interpreter/linkResolver.cpp, line 782]
Event: 2.199 Thread 0x00000234e9f8e060 Exception <a 'java/lang/NoSuchMethodError'{0x00000000eeef2908}: 'int java.lang.invoke.DirectMethodHandle$Holder.invokeSpecialIFC(java.lang.Object, java.lang.Object, java.lang.Object)'> (0x00000000eeef2908) 
thrown [./open/src/hotspot/share/interpreter/linkResolver.cpp, line 782]
Event: 2.221 Thread 0x00000234e9f8e060 Exception <a 'java/lang/NoSuchMethodError'{0x00000000eeddc290}: 'void java.lang.invoke.DirectMethodHandle$Holder.invokeStatic(java.lang.Object, java.lang.Object, java.lang.Object, java.lang.Object)'> (0x00000000eeddc290) 
thrown [./open/src/hotspot/share/interpreter/linkResolver.cpp, line 782]
Event: 2.268 Thread 0x00000234e9f8e060 Exception <a 'java/lang/NoSuchMethodError'{0x00000000eebbb638}: 'void java.lang.invoke.DirectMethodHandle$Holder.invokeSpecial(java.lang.Object, java.lang.Object, java.lang.Object, java.lang.Object, java.lang.Object, java.lang.Object)'> (0x00000000eebbb638) 
thrown [./open/src/hotspot/share/interpreter/linkResolver.cpp, line 782]

Events (20 events):
Event: 2.505 loading class java/nio/charset/IllegalCharsetNameException
Event: 2.505 loading class java/nio/charset/IllegalCharsetNameException done
Event: 2.505 loading class java/nio/charset/UnsupportedCharsetException
Event: 2.505 loading class java/nio/charset/UnsupportedCharsetException done
Event: 2.528 loading class sun/nio/ch/IOVecWrapper
Event: 2.528 loading class sun/nio/ch/IOVecWrapper done
Event: 2.528 loading class sun/nio/ch/IOVecWrapper$Deallocator
Event: 2.528 loading class sun/nio/ch/IOVecWrapper$Deallocator done
Event: 3.111 Executing VM operation: HandshakeAllThreads
Event: 3.111 Executing VM operation: HandshakeAllThreads done
Event: 3.196 Executing VM operation: G1CollectForAllocation
Event: 3.203 Executing VM operation: G1CollectForAllocation done
Event: 3.204 loading class sun/security/ssl/Alert
Event: 3.205 loading class sun/security/ssl/Alert done
Event: 3.206 loading class sun/security/ssl/Alert$AlertConsumer
Event: 3.206 loading class sun/security/ssl/Alert$AlertConsumer done
Event: 3.208 loading class java/util/concurrent/ConcurrentLinkedDeque
Event: 3.209 loading class java/util/concurrent/ConcurrentLinkedDeque done
Event: 3.210 loading class java/util/concurrent/ConcurrentLinkedDeque$Node
Event: 3.210 loading class java/util/concurrent/ConcurrentLinkedDeque$Node done


Dynamic libraries:
0x00007ff667030000 - 0x00007ff66703f000 	C:\Program Files\Java\jdk-15.0.2\bin\java.exe
0x00007fff6e630000 - 0x00007fff6e825000 	C:\WINDOWS\SYSTEM32\ntdll.dll
0x00007fff6c6e0000 - 0x00007fff6c79e000 	C:\WINDOWS\System32\KERNEL32.DLL
0x00007fff6c380000 - 0x00007fff6c649000 	C:\WINDOWS\System32\KERNELBASE.dll
0x00007fff6c230000 - 0x00007fff6c330000 	C:\WINDOWS\System32\ucrtbase.dll
0x00007fff660d0000 - 0x00007fff660e8000 	C:\Program Files\Java\jdk-15.0.2\bin\jli.dll
0x00007fff6c7a0000 - 0x00007fff6c84c000 	C:\WINDOWS\System32\ADVAPI32.dll
0x00007fff662e0000 - 0x00007fff662f9000 	C:\Program Files\Java\jdk-15.0.2\bin\VCRUNTIME140.dll
0x00007fff6cb30000 - 0x00007fff6cbce000 	C:\WINDOWS\System32\msvcrt.dll
0x00007fff6d040000 - 0x00007fff6d0db000 	C:\WINDOWS\System32\sechost.dll
0x00007fff6e1b0000 - 0x00007fff6e2da000 	C:\WINDOWS\System32\RPCRT4.dll
0x00007fff6e3b0000 - 0x00007fff6e551000 	C:\WINDOWS\System32\USER32.dll
0x00007fff567f0000 - 0x00007fff56a8a000 	C:\WINDOWS\WinSxS\amd64_microsoft.windows.common-controls_6595b64144ccf1df_6.0.19041.1110_none_60b5254171f9507e\COMCTL32.dll
0x00007fff6c650000 - 0x00007fff6c672000 	C:\WINDOWS\System32\win32u.dll
0x00007fff6e2f0000 - 0x00007fff6e31b000 	C:\WINDOWS\System32\GDI32.dll
0x00007fff6c000000 - 0x00007fff6c10b000 	C:\WINDOWS\System32\gdi32full.dll
0x00007fff6be00000 - 0x00007fff6be9d000 	C:\WINDOWS\System32\msvcp_win.dll
0x00007fff64400000 - 0x00007fff6440a000 	C:\WINDOWS\SYSTEM32\VERSION.dll
0x00007fff6ccb0000 - 0x00007fff6cce0000 	C:\WINDOWS\System32\IMM32.DLL
0x00007fff662d0000 - 0x00007fff662dc000 	C:\Program Files\Java\jdk-15.0.2\bin\vcruntime140_1.dll
0x00007fff369c0000 - 0x00007fff36a51000 	C:\Program Files\Java\jdk-15.0.2\bin\msvcp140.dll
0x00007fff2d4a0000 - 0x00007fff2dffe000 	C:\Program Files\Java\jdk-15.0.2\bin\server\jvm.dll
0x00007fff6e5c0000 - 0x00007fff6e5c8000 	C:\WINDOWS\System32\PSAPI.DLL
0x00007fff67830000 - 0x00007fff67839000 	C:\WINDOWS\SYSTEM32\WSOCK32.dll
0x00007fff57dd0000 - 0x00007fff57df7000 	C:\WINDOWS\SYSTEM32\WINMM.dll
0x00007fff6d620000 - 0x00007fff6d68b000 	C:\WINDOWS\System32\WS2_32.dll
0x00007fff6a5d0000 - 0x00007fff6a5e2000 	C:\WINDOWS\SYSTEM32\kernel.appcore.dll
0x00007fff648e0000 - 0x00007fff648ea000 	C:\Program Files\Java\jdk-15.0.2\bin\jimage.dll
0x00007fff69ad0000 - 0x00007fff69cb4000 	C:\WINDOWS\SYSTEM32\DBGHELP.DLL
0x00007fff52510000 - 0x00007fff5253c000 	C:\WINDOWS\SYSTEM32\dbgcore.DLL
0x00007fff6c140000 - 0x00007fff6c1c3000 	C:\WINDOWS\System32\bcryptPrimitives.dll
0x00007fff648d0000 - 0x00007fff648de000 	C:\Program Files\Java\jdk-15.0.2\bin\instrument.dll
0x00007fff59490000 - 0x00007fff594b5000 	C:\Program Files\Java\jdk-15.0.2\bin\java.dll
0x00007fff6d710000 - 0x00007fff6de4f000 	C:\WINDOWS\System32\SHELL32.dll
0x00007fff69e30000 - 0x00007fff6a5c0000 	C:\WINDOWS\SYSTEM32\windows.storage.dll
0x00007fff6cce0000 - 0x00007fff6d035000 	C:\WINDOWS\System32\combase.dll
0x00007fff6b7a0000 - 0x00007fff6b7cc000 	C:\WINDOWS\SYSTEM32\Wldp.dll
0x00007fff6d0e0000 - 0x00007fff6d18d000 	C:\WINDOWS\System32\SHCORE.dll
0x00007fff6e560000 - 0x00007fff6e5b5000 	C:\WINDOWS\System32\shlwapi.dll
0x00007fff6bc90000 - 0x00007fff6bcaf000 	C:\WINDOWS\SYSTEM32\profapi.dll
0x00007fff50c90000 - 0x00007fff50ca8000 	C:\Program Files\Java\jdk-15.0.2\bin\zip.dll
0x00007fff61c50000 - 0x00007fff61c69000 	C:\Program Files\Java\jdk-15.0.2\bin\net.dll
0x00007fff63060000 - 0x00007fff63168000 	C:\WINDOWS\SYSTEM32\WINHTTP.dll
0x00007fff6b500000 - 0x00007fff6b56a000 	C:\WINDOWS\system32\mswsock.dll
0x00007fff5b1e0000 - 0x00007fff5b1f2000 	C:\Program Files\Java\jdk-15.0.2\bin\nio.dll
0x00007fff64440000 - 0x00007fff64450000 	C:\Program Files\Java\jdk-15.0.2\bin\verify.dll
0x00007fff3a280000 - 0x00007fff3a29a000 	C:\Program Files\JetBrains\IntelliJ IDEA Community Edition 2020.1\bin\breakgen64.dll
0x00007fff6b1f0000 - 0x00007fff6b2bc000 	C:\WINDOWS\SYSTEM32\DNSAPI.dll
0x00007fff6b1a0000 - 0x00007fff6b1db000 	C:\WINDOWS\SYSTEM32\IPHLPAPI.DLL
0x00007fff6e2e0000 - 0x00007fff6e2e8000 	C:\WINDOWS\System32\NSI.dll
0x00007fff63680000 - 0x00007fff6368a000 	C:\Windows\System32\rasadhlp.dll
0x00007fff59a00000 - 0x00007fff59a7f000 	C:\WINDOWS\System32\fwpuclnt.dll
0x00007fff6c110000 - 0x00007fff6c137000 	C:\WINDOWS\System32\bcrypt.dll
0x00007fff5b1a0000 - 0x00007fff5b1a9000 	C:\Program Files\Java\jdk-15.0.2\bin\management.dll
0x00007fff5adf0000 - 0x00007fff5adfb000 	C:\Program Files\Java\jdk-15.0.2\bin\management_ext.dll
0x00007fff5a000000 - 0x00007fff5a00d000 	C:\Program Files\Java\jdk-15.0.2\bin\sunmscapi.dll
0x00007fff6bea0000 - 0x00007fff6bff6000 	C:\WINDOWS\System32\CRYPT32.dll
0x00007fff6b810000 - 0x00007fff6b837000 	C:\WINDOWS\SYSTEM32\ncrypt.dll
0x00007fff6b7d0000 - 0x00007fff6b80b000 	C:\WINDOWS\SYSTEM32\NTASN1.dll
0x00007fff6b6f0000 - 0x00007fff6b708000 	C:\WINDOWS\SYSTEM32\CRYPTSP.dll
0x00007fff6ae10000 - 0x00007fff6ae44000 	C:\WINDOWS\system32\rsaenh.dll
0x00007fff6bc10000 - 0x00007fff6bc3e000 	C:\WINDOWS\SYSTEM32\USERENV.dll
0x00007fff6b710000 - 0x00007fff6b71c000 	C:\WINDOWS\SYSTEM32\CRYPTBASE.dll
0x00007fff62200000 - 0x00007fff62217000 	C:\WINDOWS\SYSTEM32\dhcpcsvc6.DLL
0x00007fff620f0000 - 0x00007fff6210d000 	C:\WINDOWS\SYSTEM32\dhcpcsvc.DLL
0x00007fff39820000 - 0x00007fff39837000 	C:\WINDOWS\system32\napinsp.dll
0x00007fff394a0000 - 0x00007fff394bb000 	C:\WINDOWS\system32\pnrpnsp.dll
0x00007fff66bd0000 - 0x00007fff66be5000 	C:\WINDOWS\system32\wshbth.dll
0x00007fff677c0000 - 0x00007fff677dd000 	C:\WINDOWS\system32\NLAapi.dll
0x00007fff39480000 - 0x00007fff39492000 	C:\WINDOWS\System32\winrnr.dll

dbghelp: loaded successfully - version: 4.0.5 - missing functions: none
symbol engine: initialized successfully - sym options: 0x614 - pdb path: .;C:\Program Files\Java\jdk-15.0.2\bin;C:\WINDOWS\SYSTEM32;C:\WINDOWS\WinSxS\amd64_microsoft.windows.common-controls_6595b64144ccf1df_6.0.19041.1110_none_60b5254171f9507e;C:\Program Files\Java\jdk-15.0.2\bin\server;C:\Program Files\JetBrains\IntelliJ IDEA Community Edition 2020.1\bin

VM Arguments:
jvm_args: -javaagent:C:\Program Files\JetBrains\IntelliJ IDEA Community Edition 2020.1\lib\idea_rt.jar=6865:C:\Program Files\JetBrains\IntelliJ IDEA Community Edition 2020.1\bin -Dfile.encoding=UTF-8 -Xmx512M 
java_command: AutomationTest
java_class_path (initial): E:\SeleniumMaven\target\test-classes;C:\Users\aayog\.m2\repository\org\seleniumhq\selenium\selenium-java\4.0.0\selenium-java-4.0.0.jar;C:\Users\aayog\.m2\repository\org\seleniumhq\selenium\selenium-api\4.0.0\selenium-api-4.0.0.jar;C:\Users\aayog\.m2\repository\org\seleniumhq\selenium\selenium-chrome-driver\4.0.0\selenium-chrome-driver-4.0.0.jar;C:\Users\aayog\.m2\repository\com\google\auto\service\auto-service-annotations\1.0\auto-service-annotations-1.0.jar;C:\Users\aayog\.m2\repository\com\google\auto\service\auto-service\1.0\auto-service-1.0.jar;C:\Users\aayog\.m2\repository\com\google\auto\auto-common\1.0\auto-common-1.0.jar;C:\Users\aayog\.m2\repository\com\google\guava\guava\31.0.1-jre\guava-31.0.1-jre.jar;C:\Users\aayog\.m2\repository\com\google\guava\failureaccess\1.0.1\failureaccess-1.0.1.jar;C:\Users\aayog\.m2\repository\com\google\guava\listenablefuture\9999.0-empty-to-avoid-conflict-with-guava\listenablefuture-9999.0-empty-to-avoid-conflict-with-guava.jar;C:\Users\aayog\.m2\repository\com\google\code\findbugs\jsr305\3.0.2\jsr305-3.0.2.jar;C:\Users\aayog\.m2\repository\org\checkerframework\checker-qual\3.12.0\checker-qual-3.12.0.jar;C:\Users\aayog\.m2\repository\com\google\errorprone\error_prone_annotations\2.7.1\error_prone_annotations-2.7.1.jar;C:\Users\aayog\.m2\repository\com\google\j2objc\j2objc-annotations\1.3\j2objc-annotations-1.3.jar;C:\Users\aayog\.m2\repository\org\seleniumhq\selenium\selenium-chromium-driver\4.0.0\selenium-chromium-driver-4.0.0.jar;C:\Users\aayog\.m2\repository\org\seleniumhq\selenium\selenium-json\4.0.0\selenium-json-4.0.0.jar;C:\Users\aayog\.m2\repository\org\seleniumhq\selenium\selenium-devtools-v85\4.0.0\selenium-devtools-v85-4.0.0.jar;C:\Users\aayog\.m2\repository\org\seleniumhq\selenium\selenium-devtools-v93\4.0.0\selenium-devtools-v93-4.0.0.jar;C:\Users\aayog\.m2\repository\org\seleniumhq\selenium\selenium-devtools-v94\4.0.0\selenium-devtools-v94-4.0.0.jar;C:\Users\aayog\.m2\repository\org\s
Launcher Type: SUN_STANDARD

[Global flags]
     intx CICompilerCount                          = 4                                         {product} {ergonomic}
     uint ConcGCThreads                            = 2                                         {product} {ergonomic}
     uint G1ConcRefinementThreads                  = 8                                         {product} {ergonomic}
   size_t G1HeapRegionSize                         = 1048576                                   {product} {ergonomic}
    uintx GCDrainStackTargetSize                   = 64                                        {product} {ergonomic}
   size_t InitialHeapSize                          = 266338304                                 {product} {ergonomic}
   size_t MarkStackSize                            = 4194304                                   {product} {ergonomic}
   size_t MaxHeapSize                              = 536870912                                 {product} {command line}
   size_t MaxNewSize                               = 321912832                                 {product} {ergonomic}
   size_t MinHeapDeltaBytes                        = 1048576                                   {product} {ergonomic}
   size_t MinHeapSize                              = 8388608                                   {product} {ergonomic}
    uintx NonNMethodCodeHeapSize                   = 5839372                                {pd product} {ergonomic}
    uintx NonProfiledCodeHeapSize                  = 122909434                              {pd product} {ergonomic}
    uintx ProfiledCodeHeapSize                     = 122909434                              {pd product} {ergonomic}
    uintx ReservedCodeCacheSize                    = 251658240                              {pd product} {ergonomic}
     bool SegmentedCodeCache                       = true                                      {product} {ergonomic}
   size_t SoftMaxHeapSize                          = 536870912                              {manageable} {ergonomic}
     bool UseCompressedClassPointers               = true                                 {lp64_product} {ergonomic}
     bool UseCompressedOops                        = true                                 {lp64_product} {ergonomic}
     bool UseG1GC                                  = true                                      {product} {ergonomic}
     bool UseLargePagesIndividualAllocation        = false                                  {pd product} {ergonomic}

Logging:
Log output configuration:
 #0: stdout all=warning uptime,level,tags
 #1: stderr all=off uptime,level,tags

Environment Variables:
JAVA_HOME=C:\Program Files\Java\jdk-14.0.1
_JAVA_OPTIONS=-Xmx512M
PATH=C:\Python310\Scripts\;C:\Python310\;C:\Program Files\Common Files\Oracle\Java\javapath;C:\Python39\Scripts\;C:\Python39\;C:\Python27\;C:\Python27\Scripts;C:\Windows\system32;C:\Windows;C:\Windows\System32\Wbem;C:\Windows\System32\WindowsPowerShell\v1.0\;C:\Windows\System32\OpenSSH\;C:\Program Files (x86)\NVIDIA Corporation\PhysX\Common;C:\Program Files\NVIDIA Corporation\NVIDIA NvDLISR;C:\ProgramData\chocolatey\bin;E:\Git\cmd;C:\Program Files\Java\jdk-14.0.1\bin;;C:\WINDOWS\system32;C:\WINDOWS;C:\WINDOWS\System32\Wbem;C:\WINDOWS\System32\WindowsPowerShell\v1.0\;C:\WINDOWS\System32\OpenSSH\;C:\Program Files\Microsoft SQL Server\130\Tools\Binn\;C:\Program Files\Microsoft SQL Server\Client SDK\ODBC\170\Tools\Binn\;C:\Program Files (x86)\Microsoft SQL Server\100\Tools\Binn\;C:\Program Files\Microsoft SQL Server\100\Tools\Binn\;C:\Program Files\Microsoft SQL Server\100\DTS\Binn\;C:\Program Files\dotnet\;C:\Program Files (x86)\dotnet\;E:\node\;C:\Program Files\Java\jre6\bin;F:\JDK\bin;E:\Flutter\flutter\bin;;E:\Microsoft VS Code\bin;C:\Users\aayog\AppData\Roaming\npm;C:\Program Files\JetBrains\IntelliJ IDEA Community Edition 2021.2.3\bin;
USERNAME=TestCases
OS=Windows_NT
PROCESSOR_IDENTIFIER=Intel64 Family 6 Model 94 Stepping 3, GenuineIntel



---------------  S Y S T E M  ---------------

OS:
 Windows 10 , 64 bit Build 19041 (10.0.19041.1202)
OS uptime: 0 days 14:49 hours

CPU: total 8 (initial active 8) (4 cores per cpu, 2 threads per core) family 6 model 94 stepping 3 microcode 0xcc, cmov, cx8, fxsr, mmx, sse, sse2, sse3, ssse3, sse4.1, sse4.2, popcnt, vzeroupper, avx, avx2, aes, clmul, erms, rtm, 3dnowpref, lzcnt, ht, tsc, tscinvbit, bmi1, bmi2, adx, fma, clflush, clflushopt

Memory: 4k page, system-wide physical 16211M (2253M free)
TotalPageFile size 45940M (AvailPageFile size 0M)
current process WorkingSet (physical memory assigned to process): 141M, peak: 141M
current process commit charge ("private bytes"): 393M, peak: 394M

vm_info: Java HotSpot(TM) 64-Bit Server VM (15.0.2+7-27) for windows-amd64 JRE (15.0.2+7-27), built on Dec  7 2020 20:07:01 by "mach5one" with unknown MS VC++:1925

END.
