#
# There is insufficient memory for the Java Runtime Environment to continue.
# Native memory allocation (mmap) failed to map 266338304 bytes for G1 virtual space
# Possible reasons:
#   The system is out of physical RAM or swap space
#   The process is running with CompressedOops enabled, and the Java Heap may be blocking the growth of the native heap
# Possible solutions:
#   Reduce memory load on the system
#   Increase physical memory or swap space
#   Check if swap backing store is full
#   Decrease Java heap size (-Xmx/-Xms)
#   Decrease number of Java threads
#   Decrease Java thread stack sizes (-Xss)
#   Set larger code cache with -XX:ReservedCodeCacheSize=
#   JVM is running with Unscaled Compressed Oops mode in which the Java heap is
#     placed in the first 4GB address space. The Java Heap base address is the
#     maximum limit for the native heap growth. Please use -XX:HeapBaseMinAddress
#     to set the Java Heap base and to place the Java Heap above 4GB virtual address.
# This output file may be truncated or incomplete.
#
#  Out of Memory Error (./open/src/hotspot/os/windows/os_windows.cpp:3321), pid=10840, tid=18632
#
# JRE version:  (15.0.2+7) (build )
# Java VM: Java HotSpot(TM) 64-Bit Server VM (15.0.2+7-27, mixed mode, sharing, tiered, compressed oops, g1 gc, windows-amd64)
# No core dump will be written. Minidumps are not enabled by default on client versions of Windows
#

---------------  S U M M A R Y ------------

Command Line: -javaagent:C:\Program Files\JetBrains\IntelliJ IDEA Community Edition 2020.1\lib\idea_rt.jar=8131:C:\Program Files\JetBrains\IntelliJ IDEA Community Edition 2020.1\bin -Dfile.encoding=UTF-8 -Xmx512M AutomationTest

Host: Intel(R) Core(TM) i7-6700HQ CPU @ 2.60GHz, 8 cores, 15G,  Windows 10 , 64 bit Build 19041 (10.0.19041.1202)
Time: Wed Oct 27 21:32:43 2021 Nepal Standard Time elapsed time: 0.022482 seconds (0d 0h 0m 0s)

---------------  T H R E A D  ---------------

Current thread (0x000002d7c662e050):  JavaThread "Unknown thread" [_thread_in_vm, id=18632, stack(0x000000de25600000,0x000000de25700000)]

Stack: [0x000000de25600000,0x000000de25700000]
Native frames: (J=compiled Java code, j=interpreted, Vv=VM code, C=native code)
V  [jvm.dll+0x62ae9a]
V  [jvm.dll+0x7817a9]
V  [jvm.dll+0x782f03]
V  [jvm.dll+0x783563]
V  [jvm.dll+0x216325]
V  [jvm.dll+0x6281d9]
V  [jvm.dll+0x61cf55]
V  [jvm.dll+0x2cffdd]
V  [jvm.dll+0x2cfe42]
V  [jvm.dll+0x2d5e1c]
V  [jvm.dll+0x32590a]
V  [jvm.dll+0x324fd4]
V  [jvm.dll+0x2a6f5a]
V  [jvm.dll+0x2a80f8]
V  [jvm.dll+0x75e241]
V  [jvm.dll+0x3341c4]
V  [jvm.dll+0x73e926]
V  [jvm.dll+0x3b7557]
V  [jvm.dll+0x3b8fe1]
C  [jli.dll+0x52fb]
C  [ucrtbase.dll+0x21bb2]
C  [KERNEL32.DLL+0x17034]
C  [ntdll.dll+0x52651]


---------------  P R O C E S S  ---------------

Threads class SMR info:
_java_thread_list=0x00007ffa29974ff0, length=0, elements={
}

Java Threads: ( => current thread )

Other Threads:
  0x000002d7c6655e00 GCTaskThread "GC Thread#0" [stack: 0x000000de25700000,0x000000de25800000] [id=13432]
  0x000002d7c665c060 ConcurrentGCThread "G1 Main Marker" [stack: 0x000000de25800000,0x000000de25900000] [id=19452]
  0x000002d7c665d3f0 ConcurrentGCThread "G1 Conc#0" [stack: 0x000000de25900000,0x000000de25a00000] [id=14232]

[error occurred during error reporting (printing all threads), id 0xc0000005, EXCEPTION_ACCESS_VIOLATION (0xc0000005) at pc=0x00007ffa29167e27]

VM state: not at safepoint (not fully initialized)

VM Mutex/Monitor currently owned by a thread:  ([mutex/lock_event])
[0x000002d7c6627c50] Heap_lock - owner thread: 0x000002d7c662e050

Heap address: 0x00000000e0000000, size: 512 MB, Compressed Oops mode: 32-bit
CDS archive(s) mapped at: [0x0000000000000000-0x0000000000000000-0x0000000000000000), size 0, SharedBaseAddress: 0x0000000800000000, ArchiveRelocationMode: 0.
Narrow klass base: 0x0000000000000000, Narrow klass shift: 0, Narrow klass range: 0x0

Heap:
 garbage-first heap   total 260096K, used 0K [0x00000000e0000000, 0x0000000100000000)
  region size 1024K, 0 young (0K), 0 survivors (0K)
 Metaspace       used 0K, capacity 0K, committed 0K, reserved 0K
  class space    used 0K, capacity 0K, committed 0K, reserved 0K

Heap Regions: E=young(eden), S=young(survivor), O=old, HS=humongous(starts), HC=humongous(continues), CS=collection set, F=free, OA=open archive, CA=closed archive, TAMS=top-at-mark-start (previous, next)

Card table byte_map: [0x000002d7ddc90000,0x000002d7ddd90000] _byte_map_base: 0x000002d7dd590000

Marking Bits (Prev, Next): (CMBitMap*) 0x000002d7c6656670, (CMBitMap*) 0x000002d7c66566b0
 Prev Bits: [0x000002d7dde90000, 0x000002d7de690000)
 Next Bits: [0x000002d7de690000, 0x000002d7dee90000)

GC Heap History (0 events):
No events

Deoptimization events (0 events):
No events

Classes unloaded (0 events):
No events

Classes redefined (0 events):
No events

Internal exceptions (0 events):
No events

Events (1 events):
Event: 0.014 Loaded shared library C:\Program Files\Java\jdk-15.0.2\bin\java.dll


Dynamic libraries:
0x00007ff7e1a70000 - 0x00007ff7e1a7f000 	C:\Program Files\Java\jdk-15.0.2\bin\java.exe
0x00007ffa92830000 - 0x00007ffa92a25000 	C:\WINDOWS\SYSTEM32\ntdll.dll
0x00007ffa91bb0000 - 0x00007ffa91c6e000 	C:\WINDOWS\System32\KERNEL32.DLL
0x00007ffa90520000 - 0x00007ffa907e9000 	C:\WINDOWS\System32\KERNELBASE.dll
0x00007ffa8ffd0000 - 0x00007ffa900d0000 	C:\WINDOWS\System32\ucrtbase.dll
0x00007ffa8bad0000 - 0x00007ffa8bae8000 	C:\Program Files\Java\jdk-15.0.2\bin\jli.dll
0x00007ffa8baf0000 - 0x00007ffa8bb09000 	C:\Program Files\Java\jdk-15.0.2\bin\VCRUNTIME140.dll
0x00007ffa91da0000 - 0x00007ffa91e4c000 	C:\WINDOWS\System32\ADVAPI32.dll
0x00007ffa91300000 - 0x00007ffa9139e000 	C:\WINDOWS\System32\msvcrt.dll
0x00007ffa92440000 - 0x00007ffa924db000 	C:\WINDOWS\System32\sechost.dll
0x00007ffa913b0000 - 0x00007ffa914da000 	C:\WINDOWS\System32\RPCRT4.dll
0x00007ffa914f0000 - 0x00007ffa91691000 	C:\WINDOWS\System32\USER32.dll
0x00007ffa725e0000 - 0x00007ffa7287a000 	C:\WINDOWS\WinSxS\amd64_microsoft.windows.common-controls_6595b64144ccf1df_6.0.19041.1110_none_60b5254171f9507e\COMCTL32.dll
0x00007ffa8ff50000 - 0x00007ffa8ff72000 	C:\WINDOWS\System32\win32u.dll
0x00007ffa922b0000 - 0x00007ffa922db000 	C:\WINDOWS\System32\GDI32.dll
0x00007ffa900d0000 - 0x00007ffa901db000 	C:\WINDOWS\System32\gdi32full.dll
0x00007ffa90480000 - 0x00007ffa9051d000 	C:\WINDOWS\System32\msvcp_win.dll
0x00007ffa889d0000 - 0x00007ffa889da000 	C:\WINDOWS\SYSTEM32\VERSION.dll
0x00007ffa91b80000 - 0x00007ffa91bb0000 	C:\WINDOWS\System32\IMM32.DLL
0x00007ffa8bb20000 - 0x00007ffa8bb2c000 	C:\Program Files\Java\jdk-15.0.2\bin\vcruntime140_1.dll
0x00007ffa736c0000 - 0x00007ffa73751000 	C:\Program Files\Java\jdk-15.0.2\bin\msvcp140.dll
0x00007ffa28eb0000 - 0x00007ffa29a0e000 	C:\Program Files\Java\jdk-15.0.2\bin\server\jvm.dll
0x00007ffa91e50000 - 0x00007ffa91e58000 	C:\WINDOWS\System32\PSAPI.DLL
0x00007ffa75880000 - 0x00007ffa758a7000 	C:\WINDOWS\SYSTEM32\WINMM.dll
0x00007ffa87610000 - 0x00007ffa87619000 	C:\WINDOWS\SYSTEM32\WSOCK32.dll
0x00007ffa91e60000 - 0x00007ffa91ecb000 	C:\WINDOWS\System32\ws2_32.DLL
0x00007ffa8e7d0000 - 0x00007ffa8e7e2000 	C:\WINDOWS\SYSTEM32\kernel.appcore.dll
0x00007ffa86f40000 - 0x00007ffa86f4a000 	C:\Program Files\Java\jdk-15.0.2\bin\jimage.dll
0x00007ffa8de20000 - 0x00007ffa8e004000 	C:\WINDOWS\SYSTEM32\DBGHELP.DLL
0x00007ffa74430000 - 0x00007ffa7445c000 	C:\WINDOWS\SYSTEM32\dbgcore.DLL
0x00007ffa901e0000 - 0x00007ffa90263000 	C:\WINDOWS\System32\bcryptPrimitives.dll
0x00007ffa6dc30000 - 0x00007ffa6dc3e000 	C:\Program Files\Java\jdk-15.0.2\bin\instrument.dll
0x00007ffa676f0000 - 0x00007ffa67715000 	C:\Program Files\Java\jdk-15.0.2\bin\java.dll

dbghelp: loaded successfully - version: 4.0.5 - missing functions: none
symbol engine: initialized successfully - sym options: 0x614 - pdb path: .;C:\Program Files\Java\jdk-15.0.2\bin;C:\WINDOWS\SYSTEM32;C:\WINDOWS\WinSxS\amd64_microsoft.windows.common-controls_6595b64144ccf1df_6.0.19041.1110_none_60b5254171f9507e;C:\Program Files\Java\jdk-15.0.2\bin\server

VM Arguments:
jvm_args: -javaagent:C:\Program Files\JetBrains\IntelliJ IDEA Community Edition 2020.1\lib\idea_rt.jar=8131:C:\Program Files\JetBrains\IntelliJ IDEA Community Edition 2020.1\bin -Dfile.encoding=UTF-8 -Xmx512M 
java_command: AutomationTest
java_class_path (initial): E:\SeleniumMaven\target\test-classes;C:\Users\aayog\.m2\repository\org\seleniumhq\selenium\selenium-java\4.0.0\selenium-java-4.0.0.jar;C:\Users\aayog\.m2\repository\org\seleniumhq\selenium\selenium-api\4.0.0\selenium-api-4.0.0.jar;C:\Users\aayog\.m2\repository\org\seleniumhq\selenium\selenium-chrome-driver\4.0.0\selenium-chrome-driver-4.0.0.jar;C:\Users\aayog\.m2\repository\com\google\auto\service\auto-service-annotations\1.0\auto-service-annotations-1.0.jar;C:\Users\aayog\.m2\repository\com\google\auto\service\auto-service\1.0\auto-service-1.0.jar;C:\Users\aayog\.m2\repository\com\google\auto\auto-common\1.0\auto-common-1.0.jar;C:\Users\aayog\.m2\repository\com\google\guava\guava\31.0.1-jre\guava-31.0.1-jre.jar;C:\Users\aayog\.m2\repository\com\google\guava\failureaccess\1.0.1\failureaccess-1.0.1.jar;C:\Users\aayog\.m2\repository\com\google\guava\listenablefuture\9999.0-empty-to-avoid-conflict-with-guava\listenablefuture-9999.0-empty-to-avoid-conflict-with-guava.jar;C:\Users\aayog\.m2\repository\com\google\code\findbugs\jsr305\3.0.2\jsr305-3.0.2.jar;C:\Users\aayog\.m2\repository\org\checkerframework\checker-qual\3.12.0\checker-qual-3.12.0.jar;C:\Users\aayog\.m2\repository\com\google\errorprone\error_prone_annotations\2.7.1\error_prone_annotations-2.7.1.jar;C:\Users\aayog\.m2\repository\com\google\j2objc\j2objc-annotations\1.3\j2objc-annotations-1.3.jar;C:\Users\aayog\.m2\repository\org\seleniumhq\selenium\selenium-chromium-driver\4.0.0\selenium-chromium-driver-4.0.0.jar;C:\Users\aayog\.m2\repository\org\seleniumhq\selenium\selenium-json\4.0.0\selenium-json-4.0.0.jar;C:\Users\aayog\.m2\repository\org\seleniumhq\selenium\selenium-devtools-v85\4.0.0\selenium-devtools-v85-4.0.0.jar;C:\Users\aayog\.m2\repository\org\seleniumhq\selenium\selenium-devtools-v93\4.0.0\selenium-devtools-v93-4.0.0.jar;C:\Users\aayog\.m2\repository\org\seleniumhq\selenium\selenium-devtools-v94\4.0.0\selenium-devtools-v94-4.0.0.jar;C:\Users\aayog\.m2\repository\org\s
Launcher Type: SUN_STANDARD

[Global flags]
     intx CICompilerCount                          = 4                                         {product} {ergonomic}
     uint ConcGCThreads                            = 2                                         {product} {ergonomic}
     uint G1ConcRefinementThreads                  = 8                                         {product} {ergonomic}
   size_t G1HeapRegionSize                         = 1048576                                   {product} {ergonomic}
    uintx GCDrainStackTargetSize                   = 64                                        {product} {ergonomic}
   size_t InitialHeapSize                          = 266338304                                 {product} {ergonomic}
   size_t MarkStackSize                            = 4194304                                   {product} {ergonomic}
   size_t MaxHeapSize                              = 536870912                                 {product} {command line}
   size_t MinHeapDeltaBytes                        = 1048576                                   {product} {ergonomic}
   size_t MinHeapSize                              = 8388608                                   {product} {ergonomic}
    uintx NonNMethodCodeHeapSize                   = 5839372                                {pd product} {ergonomic}
    uintx NonProfiledCodeHeapSize                  = 122909434                              {pd product} {ergonomic}
    uintx ProfiledCodeHeapSize                     = 122909434                              {pd product} {ergonomic}
    uintx ReservedCodeCacheSize                    = 251658240                              {pd product} {ergonomic}
     bool SegmentedCodeCache                       = true                                      {product} {ergonomic}
   size_t SoftMaxHeapSize                          = 536870912                              {manageable} {ergonomic}
     bool UseCompressedClassPointers               = true                                 {lp64_product} {ergonomic}
     bool UseCompressedOops                        = true                                 {lp64_product} {ergonomic}
     bool UseG1GC                                  = true                                      {product} {ergonomic}
     bool UseLargePagesIndividualAllocation        = false                                  {pd product} {ergonomic}

Logging:
Log output configuration:
 #0: stdout all=warning uptime,level,tags
 #1: stderr all=off uptime,level,tags

Environment Variables:
JAVA_HOME=C:\Program Files\Java\jdk-14.0.1
_JAVA_OPTIONS=-Xmx512M
PATH=C:\Python310\Scripts\;C:\Python310\;C:\Program Files\Common Files\Oracle\Java\javapath;C:\Python39\Scripts\;C:\Python39\;C:\Python27\;C:\Python27\Scripts;C:\Windows\system32;C:\Windows;C:\Windows\System32\Wbem;C:\Windows\System32\WindowsPowerShell\v1.0\;C:\Windows\System32\OpenSSH\;C:\Program Files (x86)\NVIDIA Corporation\PhysX\Common;C:\Program Files\NVIDIA Corporation\NVIDIA NvDLISR;C:\ProgramData\chocolatey\bin;E:\Git\cmd;C:\Program Files\Java\jdk-14.0.1\bin;;C:\WINDOWS\system32;C:\WINDOWS;C:\WINDOWS\System32\Wbem;C:\WINDOWS\System32\WindowsPowerShell\v1.0\;C:\WINDOWS\System32\OpenSSH\;C:\Program Files\Microsoft SQL Server\130\Tools\Binn\;C:\Program Files\Microsoft SQL Server\Client SDK\ODBC\170\Tools\Binn\;C:\Program Files (x86)\Microsoft SQL Server\100\Tools\Binn\;C:\Program Files\Microsoft SQL Server\100\Tools\Binn\;C:\Program Files\Microsoft SQL Server\100\DTS\Binn\;C:\Program Files\dotnet\;C:\Program Files (x86)\dotnet\;E:\node\;C:\Program Files\Java\jre6\bin;F:\JDK\bin;E:\Flutter\flutter\bin;;E:\Microsoft VS Code\bin;C:\Users\aayog\AppData\Roaming\npm;C:\Program Files\JetBrains\IntelliJ IDEA Community Edition 2021.2.3\bin;
USERNAME=TestCases
OS=Windows_NT
PROCESSOR_IDENTIFIER=Intel64 Family 6 Model 94 Stepping 3, GenuineIntel



---------------  S Y S T E M  ---------------

OS:
 Windows 10 , 64 bit Build 19041 (10.0.19041.1202)
OS uptime: 0 days 5:39 hours

CPU: total 8 (initial active 8) (4 cores per cpu, 2 threads per core) family 6 model 94 stepping 3 microcode 0xcc, cmov, cx8, fxsr, mmx, sse, sse2, sse3, ssse3, sse4.1, sse4.2, popcnt, vzeroupper, avx, avx2, aes, clmul, erms, rtm, 3dnowpref, lzcnt, ht, tsc, tscinvbit, bmi1, bmi2, adx, fma, clflush, clflushopt

Memory: 4k page, system-wide physical 16211M (2797M free)
TotalPageFile size 45940M (AvailPageFile size 204M)
current process WorkingSet (physical memory assigned to process): 10M, peak: 10M
current process commit charge ("private bytes"): 59M, peak: 313M

vm_info: Java HotSpot(TM) 64-Bit Server VM (15.0.2+7-27) for windows-amd64 JRE (15.0.2+7-27), built on Dec  7 2020 20:07:01 by "mach5one" with unknown MS VC++:1925

END.
